mode: set
github.com/jdetmar/pulumi-webflow/provider/cmd/pulumi-resource-webflow/main.go:19.13,21.16 2 0
github.com/jdetmar/pulumi-webflow/provider/cmd/pulumi-resource-webflow/main.go:21.16,24.3 2 0
github.com/jdetmar/pulumi-webflow/provider/asset.go:80.44,81.19 1 1
github.com/jdetmar/pulumi-webflow/provider/asset.go:81.19,86.3 1 1
github.com/jdetmar/pulumi-webflow/provider/asset.go:87.2,87.42 1 1
github.com/jdetmar/pulumi-webflow/provider/asset.go:87.42,93.3 1 1
github.com/jdetmar/pulumi-webflow/provider/asset.go:94.2,94.12 1 1
github.com/jdetmar/pulumi-webflow/provider/asset.go:99.46,100.20 1 1
github.com/jdetmar/pulumi-webflow/provider/asset.go:100.20,104.3 1 1
github.com/jdetmar/pulumi-webflow/provider/asset.go:107.2,107.25 1 1
github.com/jdetmar/pulumi-webflow/provider/asset.go:107.25,110.3 1 1
github.com/jdetmar/pulumi-webflow/provider/asset.go:113.2,114.36 2 1
github.com/jdetmar/pulumi-webflow/provider/asset.go:114.36,115.39 1 1
github.com/jdetmar/pulumi-webflow/provider/asset.go:115.39,119.4 1 1
github.com/jdetmar/pulumi-webflow/provider/asset.go:122.2,122.12 1 1
github.com/jdetmar/pulumi-webflow/provider/asset.go:127.61,129.2 1 1
github.com/jdetmar/pulumi-webflow/provider/asset.go:133.91,134.22 1 1
github.com/jdetmar/pulumi-webflow/provider/asset.go:134.22,136.3 1 1
github.com/jdetmar/pulumi-webflow/provider/asset.go:138.2,139.44 2 1
github.com/jdetmar/pulumi-webflow/provider/asset.go:139.44,141.3 1 1
github.com/jdetmar/pulumi-webflow/provider/asset.go:143.2,146.29 3 1
github.com/jdetmar/pulumi-webflow/provider/asset.go:155.97,156.34 1 1
github.com/jdetmar/pulumi-webflow/provider/asset.go:156.34,158.3 1 0
github.com/jdetmar/pulumi-webflow/provider/asset.go:160.2,161.27 2 1
github.com/jdetmar/pulumi-webflow/provider/asset.go:161.27,163.3 1 1
github.com/jdetmar/pulumi-webflow/provider/asset.go:165.2,168.53 3 1
github.com/jdetmar/pulumi-webflow/provider/asset.go:168.53,169.18 1 1
github.com/jdetmar/pulumi-webflow/provider/asset.go:169.18,171.11 2 1
github.com/jdetmar/pulumi-webflow/provider/asset.go:172.22,173.76 1 0
github.com/jdetmar/pulumi-webflow/provider/asset.go:174.31,174.31 0 1
github.com/jdetmar/pulumi-webflow/provider/asset.go:178.3,179.17 2 1
github.com/jdetmar/pulumi-webflow/provider/asset.go:179.17,181.4 1 0
github.com/jdetmar/pulumi-webflow/provider/asset.go:183.3,184.17 2 1
github.com/jdetmar/pulumi-webflow/provider/asset.go:184.17,186.12 2 0
github.com/jdetmar/pulumi-webflow/provider/asset.go:189.3,191.17 3 1
github.com/jdetmar/pulumi-webflow/provider/asset.go:191.17,193.12 2 0
github.com/jdetmar/pulumi-webflow/provider/asset.go:197.3,197.29 1 1
github.com/jdetmar/pulumi-webflow/provider/asset.go:197.29,200.24 3 1
github.com/jdetmar/pulumi-webflow/provider/asset.go:200.24,202.5 1 1
github.com/jdetmar/pulumi-webflow/provider/asset.go:202.10,204.5 1 0
github.com/jdetmar/pulumi-webflow/provider/asset.go:206.4,212.28 2 1
github.com/jdetmar/pulumi-webflow/provider/asset.go:212.28,213.12 1 1
github.com/jdetmar/pulumi-webflow/provider/asset.go:214.23,215.77 1 0
github.com/jdetmar/pulumi-webflow/provider/asset.go:216.33,216.33 0 1
github.com/jdetmar/pulumi-webflow/provider/asset.go:219.4,219.12 1 1
github.com/jdetmar/pulumi-webflow/provider/asset.go:223.3,223.29 1 1
github.com/jdetmar/pulumi-webflow/provider/asset.go:223.29,225.4 1 1
github.com/jdetmar/pulumi-webflow/provider/asset.go:227.3,228.54 2 1
github.com/jdetmar/pulumi-webflow/provider/asset.go:228.54,230.4 1 0
github.com/jdetmar/pulumi-webflow/provider/asset.go:232.3,232.21 1 1
github.com/jdetmar/pulumi-webflow/provider/asset.go:235.2,235.61 1 0
github.com/jdetmar/pulumi-webflow/provider/asset.go:244.102,245.34 1 1
github.com/jdetmar/pulumi-webflow/provider/asset.go:245.34,247.3 1 0
github.com/jdetmar/pulumi-webflow/provider/asset.go:249.2,250.29 2 1
github.com/jdetmar/pulumi-webflow/provider/asset.go:250.29,252.3 1 1
github.com/jdetmar/pulumi-webflow/provider/asset.go:254.2,257.53 3 1
github.com/jdetmar/pulumi-webflow/provider/asset.go:257.53,258.18 1 1
github.com/jdetmar/pulumi-webflow/provider/asset.go:258.18,260.11 2 0
github.com/jdetmar/pulumi-webflow/provider/asset.go:261.22,262.76 1 0
github.com/jdetmar/pulumi-webflow/provider/asset.go:263.31,263.31 0 0
github.com/jdetmar/pulumi-webflow/provider/asset.go:267.3,268.17 2 1
github.com/jdetmar/pulumi-webflow/provider/asset.go:268.17,270.4 1 0
github.com/jdetmar/pulumi-webflow/provider/asset.go:272.3,273.17 2 1
github.com/jdetmar/pulumi-webflow/provider/asset.go:273.17,275.12 2 0
github.com/jdetmar/pulumi-webflow/provider/asset.go:278.3,280.17 3 1
github.com/jdetmar/pulumi-webflow/provider/asset.go:280.17,282.12 2 0
github.com/jdetmar/pulumi-webflow/provider/asset.go:286.3,286.29 1 1
github.com/jdetmar/pulumi-webflow/provider/asset.go:286.29,289.24 3 0
github.com/jdetmar/pulumi-webflow/provider/asset.go:289.24,291.5 1 0
github.com/jdetmar/pulumi-webflow/provider/asset.go:291.10,293.5 1 0
github.com/jdetmar/pulumi-webflow/provider/asset.go:295.4,301.28 2 0
github.com/jdetmar/pulumi-webflow/provider/asset.go:301.28,302.12 1 0
github.com/jdetmar/pulumi-webflow/provider/asset.go:303.23,304.77 1 0
github.com/jdetmar/pulumi-webflow/provider/asset.go:305.33,305.33 0 0
github.com/jdetmar/pulumi-webflow/provider/asset.go:308.4,308.12 1 0
github.com/jdetmar/pulumi-webflow/provider/asset.go:312.3,312.29 1 1
github.com/jdetmar/pulumi-webflow/provider/asset.go:312.29,314.4 1 0
github.com/jdetmar/pulumi-webflow/provider/asset.go:316.3,317.57 2 1
github.com/jdetmar/pulumi-webflow/provider/asset.go:317.57,319.4 1 0
github.com/jdetmar/pulumi-webflow/provider/asset.go:321.3,321.24 1 1
github.com/jdetmar/pulumi-webflow/provider/asset.go:324.2,324.61 1 0
github.com/jdetmar/pulumi-webflow/provider/asset.go:337.33,338.34 1 1
github.com/jdetmar/pulumi-webflow/provider/asset.go:338.34,340.3 1 0
github.com/jdetmar/pulumi-webflow/provider/asset.go:342.2,343.37 2 1
github.com/jdetmar/pulumi-webflow/provider/asset.go:343.37,345.3 1 1
github.com/jdetmar/pulumi-webflow/provider/asset.go:347.2,356.16 4 1
github.com/jdetmar/pulumi-webflow/provider/asset.go:356.16,358.3 1 0
github.com/jdetmar/pulumi-webflow/provider/asset.go:360.2,361.53 2 1
github.com/jdetmar/pulumi-webflow/provider/asset.go:361.53,362.18 1 1
github.com/jdetmar/pulumi-webflow/provider/asset.go:362.18,364.11 2 0
github.com/jdetmar/pulumi-webflow/provider/asset.go:365.22,366.76 1 0
github.com/jdetmar/pulumi-webflow/provider/asset.go:367.31,367.31 0 0
github.com/jdetmar/pulumi-webflow/provider/asset.go:371.3,372.17 2 1
github.com/jdetmar/pulumi-webflow/provider/asset.go:372.17,374.4 1 0
github.com/jdetmar/pulumi-webflow/provider/asset.go:375.3,378.17 3 1
github.com/jdetmar/pulumi-webflow/provider/asset.go:378.17,380.12 2 0
github.com/jdetmar/pulumi-webflow/provider/asset.go:383.3,385.17 3 1
github.com/jdetmar/pulumi-webflow/provider/asset.go:385.17,387.12 2 0
github.com/jdetmar/pulumi-webflow/provider/asset.go:391.3,391.29 1 1
github.com/jdetmar/pulumi-webflow/provider/asset.go:391.29,394.24 3 0
github.com/jdetmar/pulumi-webflow/provider/asset.go:394.24,396.5 1 0
github.com/jdetmar/pulumi-webflow/provider/asset.go:396.10,398.5 1 0
github.com/jdetmar/pulumi-webflow/provider/asset.go:400.4,406.28 2 0
github.com/jdetmar/pulumi-webflow/provider/asset.go:406.28,407.12 1 0
github.com/jdetmar/pulumi-webflow/provider/asset.go:408.23,409.77 1 0
github.com/jdetmar/pulumi-webflow/provider/asset.go:410.33,410.33 0 0
github.com/jdetmar/pulumi-webflow/provider/asset.go:413.4,413.12 1 0
github.com/jdetmar/pulumi-webflow/provider/asset.go:417.3,417.55 1 1
github.com/jdetmar/pulumi-webflow/provider/asset.go:417.55,419.4 1 0
github.com/jdetmar/pulumi-webflow/provider/asset.go:421.3,422.59 2 1
github.com/jdetmar/pulumi-webflow/provider/asset.go:422.59,424.4 1 0
github.com/jdetmar/pulumi-webflow/provider/asset.go:426.3,426.26 1 1
github.com/jdetmar/pulumi-webflow/provider/asset.go:429.2,429.61 1 0
github.com/jdetmar/pulumi-webflow/provider/asset.go:438.82,439.34 1 1
github.com/jdetmar/pulumi-webflow/provider/asset.go:439.34,441.3 1 0
github.com/jdetmar/pulumi-webflow/provider/asset.go:443.2,444.30 2 1
github.com/jdetmar/pulumi-webflow/provider/asset.go:444.30,446.3 1 1
github.com/jdetmar/pulumi-webflow/provider/asset.go:448.2,451.53 3 1
github.com/jdetmar/pulumi-webflow/provider/asset.go:451.53,452.18 1 1
github.com/jdetmar/pulumi-webflow/provider/asset.go:452.18,454.11 2 0
github.com/jdetmar/pulumi-webflow/provider/asset.go:455.22,456.71 1 0
github.com/jdetmar/pulumi-webflow/provider/asset.go:457.31,457.31 0 0
github.com/jdetmar/pulumi-webflow/provider/asset.go:461.3,462.17 2 1
github.com/jdetmar/pulumi-webflow/provider/asset.go:462.17,464.4 1 0
github.com/jdetmar/pulumi-webflow/provider/asset.go:466.3,467.17 2 1
github.com/jdetmar/pulumi-webflow/provider/asset.go:467.17,469.12 2 0
github.com/jdetmar/pulumi-webflow/provider/asset.go:472.3,474.17 3 1
github.com/jdetmar/pulumi-webflow/provider/asset.go:474.17,476.12 2 0
github.com/jdetmar/pulumi-webflow/provider/asset.go:480.3,480.29 1 1
github.com/jdetmar/pulumi-webflow/provider/asset.go:480.29,483.24 3 0
github.com/jdetmar/pulumi-webflow/provider/asset.go:483.24,485.5 1 0
github.com/jdetmar/pulumi-webflow/provider/asset.go:485.10,487.5 1 0
github.com/jdetmar/pulumi-webflow/provider/asset.go:489.4,495.28 2 0
github.com/jdetmar/pulumi-webflow/provider/asset.go:495.28,496.12 1 0
github.com/jdetmar/pulumi-webflow/provider/asset.go:497.23,498.72 1 0
github.com/jdetmar/pulumi-webflow/provider/asset.go:499.33,499.33 0 0
github.com/jdetmar/pulumi-webflow/provider/asset.go:502.4,502.12 1 0
github.com/jdetmar/pulumi-webflow/provider/asset.go:507.3,507.55 1 1
github.com/jdetmar/pulumi-webflow/provider/asset.go:507.55,509.4 1 1
github.com/jdetmar/pulumi-webflow/provider/asset.go:512.3,512.51 1 1
github.com/jdetmar/pulumi-webflow/provider/asset.go:515.2,515.56 1 0
github.com/jdetmar/pulumi-webflow/provider/asset_resource.go:69.45,74.2 2 1
github.com/jdetmar/pulumi-webflow/provider/asset_resource.go:77.52,106.2 5 0
github.com/jdetmar/pulumi-webflow/provider/asset_resource.go:109.54,135.2 6 0
github.com/jdetmar/pulumi-webflow/provider/asset_resource.go:141.31,145.43 2 0
github.com/jdetmar/pulumi-webflow/provider/asset_resource.go:145.43,152.3 4 0
github.com/jdetmar/pulumi-webflow/provider/asset_resource.go:155.2,155.47 1 0
github.com/jdetmar/pulumi-webflow/provider/asset_resource.go:155.47,162.3 4 0
github.com/jdetmar/pulumi-webflow/provider/asset_resource.go:165.2,165.47 1 0
github.com/jdetmar/pulumi-webflow/provider/asset_resource.go:165.47,172.3 4 0
github.com/jdetmar/pulumi-webflow/provider/asset_resource.go:175.2,175.55 1 0
github.com/jdetmar/pulumi-webflow/provider/asset_resource.go:175.55,182.3 4 0
github.com/jdetmar/pulumi-webflow/provider/asset_resource.go:185.2,185.51 1 0
github.com/jdetmar/pulumi-webflow/provider/asset_resource.go:185.51,192.3 4 0
github.com/jdetmar/pulumi-webflow/provider/asset_resource.go:194.2,194.18 1 0
github.com/jdetmar/pulumi-webflow/provider/asset_resource.go:202.45,204.58 1 0
github.com/jdetmar/pulumi-webflow/provider/asset_resource.go:204.58,206.3 1 0
github.com/jdetmar/pulumi-webflow/provider/asset_resource.go:207.2,207.62 1 0
github.com/jdetmar/pulumi-webflow/provider/asset_resource.go:207.62,209.3 1 0
github.com/jdetmar/pulumi-webflow/provider/asset_resource.go:211.2,216.16 2 0
github.com/jdetmar/pulumi-webflow/provider/asset_resource.go:216.16,226.3 5 0
github.com/jdetmar/pulumi-webflow/provider/asset_resource.go:229.2,230.16 2 0
github.com/jdetmar/pulumi-webflow/provider/asset_resource.go:230.16,232.3 1 0
github.com/jdetmar/pulumi-webflow/provider/asset_resource.go:237.2,241.16 2 0
github.com/jdetmar/pulumi-webflow/provider/asset_resource.go:241.16,243.3 1 0
github.com/jdetmar/pulumi-webflow/provider/asset_resource.go:246.2,246.32 1 0
github.com/jdetmar/pulumi-webflow/provider/asset_resource.go:246.32,250.3 1 0
github.com/jdetmar/pulumi-webflow/provider/asset_resource.go:257.2,261.58 1 0
github.com/jdetmar/pulumi-webflow/provider/asset_resource.go:268.54,271.16 2 0
github.com/jdetmar/pulumi-webflow/provider/asset_resource.go:271.16,273.3 1 0
github.com/jdetmar/pulumi-webflow/provider/asset_resource.go:276.2,277.16 2 0
github.com/jdetmar/pulumi-webflow/provider/asset_resource.go:277.16,279.3 1 0
github.com/jdetmar/pulumi-webflow/provider/asset_resource.go:282.2,283.16 2 0
github.com/jdetmar/pulumi-webflow/provider/asset_resource.go:283.16,285.46 1 0
github.com/jdetmar/pulumi-webflow/provider/asset_resource.go:285.46,289.4 1 0
github.com/jdetmar/pulumi-webflow/provider/asset_resource.go:290.3,290.98 1 0
github.com/jdetmar/pulumi-webflow/provider/asset_resource.go:294.2,316.8 3 0
github.com/jdetmar/pulumi-webflow/provider/asset_resource.go:323.45,329.2 1 0
github.com/jdetmar/pulumi-webflow/provider/asset_resource.go:332.112,335.16 2 0
github.com/jdetmar/pulumi-webflow/provider/asset_resource.go:335.16,337.3 1 0
github.com/jdetmar/pulumi-webflow/provider/asset_resource.go:340.2,341.16 2 0
github.com/jdetmar/pulumi-webflow/provider/asset_resource.go:341.16,343.3 1 0
github.com/jdetmar/pulumi-webflow/provider/asset_resource.go:346.2,346.58 1 0
github.com/jdetmar/pulumi-webflow/provider/asset_resource.go:346.58,348.3 1 0
github.com/jdetmar/pulumi-webflow/provider/asset_resource.go:350.2,350.36 1 0
github.com/jdetmar/pulumi-webflow/provider/auth.go:35.27,37.2 1 1
github.com/jdetmar/pulumi-webflow/provider/auth.go:41.40,42.17 1 1
github.com/jdetmar/pulumi-webflow/provider/auth.go:42.17,46.3 1 1
github.com/jdetmar/pulumi-webflow/provider/auth.go:49.2,49.21 1 1
github.com/jdetmar/pulumi-webflow/provider/auth.go:49.21,53.3 1 1
github.com/jdetmar/pulumi-webflow/provider/auth.go:55.2,55.12 1 1
github.com/jdetmar/pulumi-webflow/provider/auth.go:60.39,61.17 1 1
github.com/jdetmar/pulumi-webflow/provider/auth.go:61.17,63.3 1 1
github.com/jdetmar/pulumi-webflow/provider/auth.go:64.2,64.21 1 1
github.com/jdetmar/pulumi-webflow/provider/auth.go:75.87,91.2 6 1
github.com/jdetmar/pulumi-webflow/provider/auth.go:99.68,100.17 1 1
github.com/jdetmar/pulumi-webflow/provider/auth.go:100.17,103.3 1 1
github.com/jdetmar/pulumi-webflow/provider/auth.go:106.2,128.20 5 1
github.com/jdetmar/pulumi-webflow/provider/collection.go:47.54,48.24 1 1
github.com/jdetmar/pulumi-webflow/provider/collection.go:48.24,53.3 1 1
github.com/jdetmar/pulumi-webflow/provider/collection.go:54.2,54.46 1 1
github.com/jdetmar/pulumi-webflow/provider/collection.go:54.46,59.3 1 1
github.com/jdetmar/pulumi-webflow/provider/collection.go:60.2,60.12 1 1
github.com/jdetmar/pulumi-webflow/provider/collection.go:65.62,66.23 1 1
github.com/jdetmar/pulumi-webflow/provider/collection.go:66.23,70.3 1 1
github.com/jdetmar/pulumi-webflow/provider/collection.go:71.2,71.28 1 1
github.com/jdetmar/pulumi-webflow/provider/collection.go:71.28,74.3 1 1
github.com/jdetmar/pulumi-webflow/provider/collection.go:75.2,75.12 1 1
github.com/jdetmar/pulumi-webflow/provider/collection.go:80.54,81.24 1 1
github.com/jdetmar/pulumi-webflow/provider/collection.go:81.24,86.3 1 1
github.com/jdetmar/pulumi-webflow/provider/collection.go:87.2,87.29 1 1
github.com/jdetmar/pulumi-webflow/provider/collection.go:87.29,90.3 1 1
github.com/jdetmar/pulumi-webflow/provider/collection.go:91.2,91.12 1 1
github.com/jdetmar/pulumi-webflow/provider/collection.go:96.71,98.2 1 1
github.com/jdetmar/pulumi-webflow/provider/collection.go:102.101,103.22 1 1
github.com/jdetmar/pulumi-webflow/provider/collection.go:103.22,105.3 1 1
github.com/jdetmar/pulumi-webflow/provider/collection.go:107.2,108.49 2 1
github.com/jdetmar/pulumi-webflow/provider/collection.go:108.49,113.3 1 1
github.com/jdetmar/pulumi-webflow/provider/collection.go:115.2,118.34 3 1
github.com/jdetmar/pulumi-webflow/provider/collection.go:127.111,128.34 1 1
github.com/jdetmar/pulumi-webflow/provider/collection.go:128.34,130.3 1 0
github.com/jdetmar/pulumi-webflow/provider/collection.go:132.2,133.33 2 1
github.com/jdetmar/pulumi-webflow/provider/collection.go:133.33,135.3 1 1
github.com/jdetmar/pulumi-webflow/provider/collection.go:137.2,140.53 3 1
github.com/jdetmar/pulumi-webflow/provider/collection.go:140.53,141.18 1 1
github.com/jdetmar/pulumi-webflow/provider/collection.go:141.18,144.11 2 1
github.com/jdetmar/pulumi-webflow/provider/collection.go:145.22,146.76 1 0
github.com/jdetmar/pulumi-webflow/provider/collection.go:147.31,147.31 0 1
github.com/jdetmar/pulumi-webflow/provider/collection.go:151.3,152.17 2 1
github.com/jdetmar/pulumi-webflow/provider/collection.go:152.17,154.4 1 0
github.com/jdetmar/pulumi-webflow/provider/collection.go:156.3,157.17 2 1
github.com/jdetmar/pulumi-webflow/provider/collection.go:157.17,159.12 2 0
github.com/jdetmar/pulumi-webflow/provider/collection.go:162.3,164.17 3 1
github.com/jdetmar/pulumi-webflow/provider/collection.go:164.17,166.12 2 0
github.com/jdetmar/pulumi-webflow/provider/collection.go:170.3,170.29 1 1
github.com/jdetmar/pulumi-webflow/provider/collection.go:170.29,173.24 3 1
github.com/jdetmar/pulumi-webflow/provider/collection.go:173.24,175.5 1 1
github.com/jdetmar/pulumi-webflow/provider/collection.go:175.10,177.5 1 0
github.com/jdetmar/pulumi-webflow/provider/collection.go:179.4,185.28 2 1
github.com/jdetmar/pulumi-webflow/provider/collection.go:185.28,186.12 1 1
github.com/jdetmar/pulumi-webflow/provider/collection.go:187.23,188.77 1 0
github.com/jdetmar/pulumi-webflow/provider/collection.go:189.33,189.33 0 1
github.com/jdetmar/pulumi-webflow/provider/collection.go:192.4,192.12 1 1
github.com/jdetmar/pulumi-webflow/provider/collection.go:196.3,196.29 1 1
github.com/jdetmar/pulumi-webflow/provider/collection.go:196.29,198.4 1 1
github.com/jdetmar/pulumi-webflow/provider/collection.go:200.3,201.57 2 1
github.com/jdetmar/pulumi-webflow/provider/collection.go:201.57,203.4 1 0
github.com/jdetmar/pulumi-webflow/provider/collection.go:205.3,205.24 1 1
github.com/jdetmar/pulumi-webflow/provider/collection.go:208.2,208.61 1 0
github.com/jdetmar/pulumi-webflow/provider/collection.go:217.104,218.34 1 1
github.com/jdetmar/pulumi-webflow/provider/collection.go:218.34,220.3 1 0
github.com/jdetmar/pulumi-webflow/provider/collection.go:222.2,223.32 2 1
github.com/jdetmar/pulumi-webflow/provider/collection.go:223.32,225.3 1 1
github.com/jdetmar/pulumi-webflow/provider/collection.go:227.2,230.53 3 1
github.com/jdetmar/pulumi-webflow/provider/collection.go:230.53,231.18 1 1
github.com/jdetmar/pulumi-webflow/provider/collection.go:231.18,233.11 2 0
github.com/jdetmar/pulumi-webflow/provider/collection.go:234.22,235.76 1 0
github.com/jdetmar/pulumi-webflow/provider/collection.go:236.31,236.31 0 0
github.com/jdetmar/pulumi-webflow/provider/collection.go:240.3,241.17 2 1
github.com/jdetmar/pulumi-webflow/provider/collection.go:241.17,243.4 1 0
github.com/jdetmar/pulumi-webflow/provider/collection.go:245.3,246.17 2 1
github.com/jdetmar/pulumi-webflow/provider/collection.go:246.17,248.12 2 0
github.com/jdetmar/pulumi-webflow/provider/collection.go:251.3,253.17 3 1
github.com/jdetmar/pulumi-webflow/provider/collection.go:253.17,255.12 2 0
github.com/jdetmar/pulumi-webflow/provider/collection.go:259.3,259.29 1 1
github.com/jdetmar/pulumi-webflow/provider/collection.go:259.29,262.24 3 0
github.com/jdetmar/pulumi-webflow/provider/collection.go:262.24,264.5 1 0
github.com/jdetmar/pulumi-webflow/provider/collection.go:264.10,266.5 1 0
github.com/jdetmar/pulumi-webflow/provider/collection.go:268.4,274.28 2 0
github.com/jdetmar/pulumi-webflow/provider/collection.go:274.28,275.12 1 0
github.com/jdetmar/pulumi-webflow/provider/collection.go:276.23,277.77 1 0
github.com/jdetmar/pulumi-webflow/provider/collection.go:278.33,278.33 0 0
github.com/jdetmar/pulumi-webflow/provider/collection.go:281.4,281.12 1 0
github.com/jdetmar/pulumi-webflow/provider/collection.go:285.3,285.29 1 1
github.com/jdetmar/pulumi-webflow/provider/collection.go:285.29,287.4 1 0
github.com/jdetmar/pulumi-webflow/provider/collection.go:289.3,290.59 2 1
github.com/jdetmar/pulumi-webflow/provider/collection.go:290.59,292.4 1 0
github.com/jdetmar/pulumi-webflow/provider/collection.go:294.3,294.26 1 1
github.com/jdetmar/pulumi-webflow/provider/collection.go:297.2,297.61 1 0
github.com/jdetmar/pulumi-webflow/provider/collection.go:309.24,310.34 1 1
github.com/jdetmar/pulumi-webflow/provider/collection.go:310.34,312.3 1 0
github.com/jdetmar/pulumi-webflow/provider/collection.go:314.2,315.33 2 1
github.com/jdetmar/pulumi-webflow/provider/collection.go:315.33,317.3 1 1
github.com/jdetmar/pulumi-webflow/provider/collection.go:319.2,328.16 4 1
github.com/jdetmar/pulumi-webflow/provider/collection.go:328.16,330.3 1 0
github.com/jdetmar/pulumi-webflow/provider/collection.go:332.2,333.53 2 1
github.com/jdetmar/pulumi-webflow/provider/collection.go:333.53,334.18 1 1
github.com/jdetmar/pulumi-webflow/provider/collection.go:334.18,336.11 2 1
github.com/jdetmar/pulumi-webflow/provider/collection.go:337.22,338.76 1 0
github.com/jdetmar/pulumi-webflow/provider/collection.go:339.31,339.31 0 1
github.com/jdetmar/pulumi-webflow/provider/collection.go:343.3,344.17 2 1
github.com/jdetmar/pulumi-webflow/provider/collection.go:344.17,346.4 1 0
github.com/jdetmar/pulumi-webflow/provider/collection.go:347.3,350.17 3 1
github.com/jdetmar/pulumi-webflow/provider/collection.go:350.17,352.12 2 0
github.com/jdetmar/pulumi-webflow/provider/collection.go:355.3,357.17 3 1
github.com/jdetmar/pulumi-webflow/provider/collection.go:357.17,359.12 2 0
github.com/jdetmar/pulumi-webflow/provider/collection.go:363.3,363.29 1 1
github.com/jdetmar/pulumi-webflow/provider/collection.go:363.29,366.24 3 1
github.com/jdetmar/pulumi-webflow/provider/collection.go:366.24,368.5 1 1
github.com/jdetmar/pulumi-webflow/provider/collection.go:368.10,370.5 1 0
github.com/jdetmar/pulumi-webflow/provider/collection.go:372.4,378.28 2 1
github.com/jdetmar/pulumi-webflow/provider/collection.go:378.28,379.12 1 1
github.com/jdetmar/pulumi-webflow/provider/collection.go:380.23,381.77 1 0
github.com/jdetmar/pulumi-webflow/provider/collection.go:382.33,382.33 0 1
github.com/jdetmar/pulumi-webflow/provider/collection.go:385.4,385.12 1 1
github.com/jdetmar/pulumi-webflow/provider/collection.go:389.3,389.55 1 1
github.com/jdetmar/pulumi-webflow/provider/collection.go:389.55,391.4 1 1
github.com/jdetmar/pulumi-webflow/provider/collection.go:393.3,394.59 2 1
github.com/jdetmar/pulumi-webflow/provider/collection.go:394.59,396.4 1 0
github.com/jdetmar/pulumi-webflow/provider/collection.go:398.3,398.26 1 1
github.com/jdetmar/pulumi-webflow/provider/collection.go:401.2,401.61 1 0
github.com/jdetmar/pulumi-webflow/provider/collection.go:410.92,411.34 1 1
github.com/jdetmar/pulumi-webflow/provider/collection.go:411.34,413.3 1 0
github.com/jdetmar/pulumi-webflow/provider/collection.go:415.2,416.35 2 1
github.com/jdetmar/pulumi-webflow/provider/collection.go:416.35,418.3 1 1
github.com/jdetmar/pulumi-webflow/provider/collection.go:420.2,423.53 3 1
github.com/jdetmar/pulumi-webflow/provider/collection.go:423.53,424.18 1 1
github.com/jdetmar/pulumi-webflow/provider/collection.go:424.18,426.11 2 1
github.com/jdetmar/pulumi-webflow/provider/collection.go:427.22,428.71 1 0
github.com/jdetmar/pulumi-webflow/provider/collection.go:429.31,429.31 0 1
github.com/jdetmar/pulumi-webflow/provider/collection.go:433.3,434.17 2 1
github.com/jdetmar/pulumi-webflow/provider/collection.go:434.17,436.4 1 0
github.com/jdetmar/pulumi-webflow/provider/collection.go:438.3,439.17 2 1
github.com/jdetmar/pulumi-webflow/provider/collection.go:439.17,441.12 2 0
github.com/jdetmar/pulumi-webflow/provider/collection.go:444.3,446.17 3 1
github.com/jdetmar/pulumi-webflow/provider/collection.go:446.17,448.12 2 0
github.com/jdetmar/pulumi-webflow/provider/collection.go:452.3,452.29 1 1
github.com/jdetmar/pulumi-webflow/provider/collection.go:452.29,455.24 3 1
github.com/jdetmar/pulumi-webflow/provider/collection.go:455.24,457.5 1 1
github.com/jdetmar/pulumi-webflow/provider/collection.go:457.10,459.5 1 0
github.com/jdetmar/pulumi-webflow/provider/collection.go:461.4,467.28 2 1
github.com/jdetmar/pulumi-webflow/provider/collection.go:467.28,468.12 1 1
github.com/jdetmar/pulumi-webflow/provider/collection.go:469.23,470.72 1 0
github.com/jdetmar/pulumi-webflow/provider/collection.go:471.33,471.33 0 1
github.com/jdetmar/pulumi-webflow/provider/collection.go:474.4,474.12 1 1
github.com/jdetmar/pulumi-webflow/provider/collection.go:479.3,479.55 1 1
github.com/jdetmar/pulumi-webflow/provider/collection.go:479.55,481.4 1 1
github.com/jdetmar/pulumi-webflow/provider/collection.go:484.3,484.51 1 1
github.com/jdetmar/pulumi-webflow/provider/collection.go:487.2,487.56 1 0
github.com/jdetmar/pulumi-webflow/provider/collection_resource.go:52.58,57.2 2 1
github.com/jdetmar/pulumi-webflow/provider/collection_resource.go:60.57,81.2 4 0
github.com/jdetmar/pulumi-webflow/provider/collection_resource.go:84.59,92.2 2 0
github.com/jdetmar/pulumi-webflow/provider/collection_resource.go:98.31,103.43 3 1
github.com/jdetmar/pulumi-webflow/provider/collection_resource.go:103.43,107.3 3 1
github.com/jdetmar/pulumi-webflow/provider/collection_resource.go:110.2,110.53 1 1
github.com/jdetmar/pulumi-webflow/provider/collection_resource.go:110.53,114.3 3 1
github.com/jdetmar/pulumi-webflow/provider/collection_resource.go:117.2,117.55 1 1
github.com/jdetmar/pulumi-webflow/provider/collection_resource.go:117.55,121.3 3 1
github.com/jdetmar/pulumi-webflow/provider/collection_resource.go:124.2,124.39 1 1
github.com/jdetmar/pulumi-webflow/provider/collection_resource.go:124.39,128.3 3 1
github.com/jdetmar/pulumi-webflow/provider/collection_resource.go:131.2,131.27 1 1
github.com/jdetmar/pulumi-webflow/provider/collection_resource.go:131.27,133.3 1 1
github.com/jdetmar/pulumi-webflow/provider/collection_resource.go:135.2,135.18 1 1
github.com/jdetmar/pulumi-webflow/provider/collection_resource.go:141.50,143.58 1 0
github.com/jdetmar/pulumi-webflow/provider/collection_resource.go:143.58,145.3 1 0
github.com/jdetmar/pulumi-webflow/provider/collection_resource.go:146.2,146.78 1 0
github.com/jdetmar/pulumi-webflow/provider/collection_resource.go:146.78,148.3 1 0
github.com/jdetmar/pulumi-webflow/provider/collection_resource.go:149.2,149.70 1 0
github.com/jdetmar/pulumi-webflow/provider/collection_resource.go:149.70,151.3 1 0
github.com/jdetmar/pulumi-webflow/provider/collection_resource.go:153.2,160.16 2 0
github.com/jdetmar/pulumi-webflow/provider/collection_resource.go:160.16,171.3 5 0
github.com/jdetmar/pulumi-webflow/provider/collection_resource.go:174.2,175.16 2 0
github.com/jdetmar/pulumi-webflow/provider/collection_resource.go:175.16,177.3 1 0
github.com/jdetmar/pulumi-webflow/provider/collection_resource.go:180.2,184.16 2 0
github.com/jdetmar/pulumi-webflow/provider/collection_resource.go:184.16,186.3 1 0
github.com/jdetmar/pulumi-webflow/provider/collection_resource.go:189.2,189.23 1 0
github.com/jdetmar/pulumi-webflow/provider/collection_resource.go:189.23,193.3 1 0
github.com/jdetmar/pulumi-webflow/provider/collection_resource.go:196.2,204.8 4 0
github.com/jdetmar/pulumi-webflow/provider/collection_resource.go:211.64,214.16 2 0
github.com/jdetmar/pulumi-webflow/provider/collection_resource.go:214.16,216.3 1 0
github.com/jdetmar/pulumi-webflow/provider/collection_resource.go:219.2,220.16 2 0
github.com/jdetmar/pulumi-webflow/provider/collection_resource.go:220.16,222.3 1 0
github.com/jdetmar/pulumi-webflow/provider/collection_resource.go:225.2,226.16 2 0
github.com/jdetmar/pulumi-webflow/provider/collection_resource.go:226.16,228.49 1 0
github.com/jdetmar/pulumi-webflow/provider/collection_resource.go:228.49,232.4 1 0
github.com/jdetmar/pulumi-webflow/provider/collection_resource.go:233.3,233.113 1 0
github.com/jdetmar/pulumi-webflow/provider/collection_resource.go:237.2,253.8 3 0
github.com/jdetmar/pulumi-webflow/provider/collection_resource.go:261.50,267.2 1 0
github.com/jdetmar/pulumi-webflow/provider/collection_resource.go:272.33,275.16 2 0
github.com/jdetmar/pulumi-webflow/provider/collection_resource.go:275.16,277.3 1 0
github.com/jdetmar/pulumi-webflow/provider/collection_resource.go:280.2,281.16 2 0
github.com/jdetmar/pulumi-webflow/provider/collection_resource.go:281.16,283.3 1 0
github.com/jdetmar/pulumi-webflow/provider/collection_resource.go:286.2,286.68 1 0
github.com/jdetmar/pulumi-webflow/provider/collection_resource.go:286.68,288.3 1 0
github.com/jdetmar/pulumi-webflow/provider/collection_resource.go:290.2,290.36 1 0
github.com/jdetmar/pulumi-webflow/provider/collectionfield.go:86.48,87.21 1 1
github.com/jdetmar/pulumi-webflow/provider/collectionfield.go:87.21,92.3 1 1
github.com/jdetmar/pulumi-webflow/provider/collectionfield.go:93.2,93.33 1 1
github.com/jdetmar/pulumi-webflow/provider/collectionfield.go:93.33,98.3 1 1
github.com/jdetmar/pulumi-webflow/provider/collectionfield.go:99.2,99.12 1 1
github.com/jdetmar/pulumi-webflow/provider/collectionfield.go:104.57,105.23 1 1
github.com/jdetmar/pulumi-webflow/provider/collectionfield.go:105.23,109.3 1 1
github.com/jdetmar/pulumi-webflow/provider/collectionfield.go:110.2,110.28 1 1
github.com/jdetmar/pulumi-webflow/provider/collectionfield.go:110.28,113.3 1 1
github.com/jdetmar/pulumi-webflow/provider/collectionfield.go:114.2,114.12 1 1
github.com/jdetmar/pulumi-webflow/provider/collectionfield.go:119.77,121.2 1 1
github.com/jdetmar/pulumi-webflow/provider/collectionfield.go:125.107,126.22 1 1
github.com/jdetmar/pulumi-webflow/provider/collectionfield.go:126.22,128.3 1 1
github.com/jdetmar/pulumi-webflow/provider/collectionfield.go:130.2,131.44 2 1
github.com/jdetmar/pulumi-webflow/provider/collectionfield.go:131.44,136.3 1 1
github.com/jdetmar/pulumi-webflow/provider/collectionfield.go:138.2,141.35 3 1
github.com/jdetmar/pulumi-webflow/provider/collectionfield.go:152.37,153.34 1 1
github.com/jdetmar/pulumi-webflow/provider/collectionfield.go:153.34,155.3 1 0
github.com/jdetmar/pulumi-webflow/provider/collectionfield.go:157.2,158.37 2 1
github.com/jdetmar/pulumi-webflow/provider/collectionfield.go:158.37,160.3 1 1
github.com/jdetmar/pulumi-webflow/provider/collectionfield.go:163.2,166.53 3 1
github.com/jdetmar/pulumi-webflow/provider/collectionfield.go:166.53,167.18 1 1
github.com/jdetmar/pulumi-webflow/provider/collectionfield.go:167.18,169.11 2 1
github.com/jdetmar/pulumi-webflow/provider/collectionfield.go:170.22,171.76 1 0
github.com/jdetmar/pulumi-webflow/provider/collectionfield.go:172.31,172.31 0 1
github.com/jdetmar/pulumi-webflow/provider/collectionfield.go:176.3,177.17 2 1
github.com/jdetmar/pulumi-webflow/provider/collectionfield.go:177.17,179.4 1 0
github.com/jdetmar/pulumi-webflow/provider/collectionfield.go:181.3,182.17 2 1
github.com/jdetmar/pulumi-webflow/provider/collectionfield.go:182.17,184.12 2 0
github.com/jdetmar/pulumi-webflow/provider/collectionfield.go:187.3,189.17 3 1
github.com/jdetmar/pulumi-webflow/provider/collectionfield.go:189.17,191.12 2 0
github.com/jdetmar/pulumi-webflow/provider/collectionfield.go:195.3,195.29 1 1
github.com/jdetmar/pulumi-webflow/provider/collectionfield.go:195.29,198.24 3 1
github.com/jdetmar/pulumi-webflow/provider/collectionfield.go:198.24,200.5 1 0
github.com/jdetmar/pulumi-webflow/provider/collectionfield.go:200.10,202.5 1 1
github.com/jdetmar/pulumi-webflow/provider/collectionfield.go:204.4,210.28 2 1
github.com/jdetmar/pulumi-webflow/provider/collectionfield.go:210.28,211.12 1 1
github.com/jdetmar/pulumi-webflow/provider/collectionfield.go:212.23,213.77 1 0
github.com/jdetmar/pulumi-webflow/provider/collectionfield.go:214.33,214.33 0 1
github.com/jdetmar/pulumi-webflow/provider/collectionfield.go:217.4,217.12 1 1
github.com/jdetmar/pulumi-webflow/provider/collectionfield.go:221.3,221.29 1 1
github.com/jdetmar/pulumi-webflow/provider/collectionfield.go:221.29,223.4 1 1
github.com/jdetmar/pulumi-webflow/provider/collectionfield.go:226.3,229.59 2 1
github.com/jdetmar/pulumi-webflow/provider/collectionfield.go:229.59,231.4 1 0
github.com/jdetmar/pulumi-webflow/provider/collectionfield.go:234.3,234.43 1 1
github.com/jdetmar/pulumi-webflow/provider/collectionfield.go:234.43,235.27 1 1
github.com/jdetmar/pulumi-webflow/provider/collectionfield.go:235.27,237.5 1 1
github.com/jdetmar/pulumi-webflow/provider/collectionfield.go:241.3,244.55 1 1
github.com/jdetmar/pulumi-webflow/provider/collectionfield.go:247.2,247.61 1 0
github.com/jdetmar/pulumi-webflow/provider/collectionfield.go:260.37,261.34 1 1
github.com/jdetmar/pulumi-webflow/provider/collectionfield.go:261.34,263.3 1 0
github.com/jdetmar/pulumi-webflow/provider/collectionfield.go:265.2,266.38 2 1
github.com/jdetmar/pulumi-webflow/provider/collectionfield.go:266.38,268.3 1 1
github.com/jdetmar/pulumi-webflow/provider/collectionfield.go:270.2,282.16 4 1
github.com/jdetmar/pulumi-webflow/provider/collectionfield.go:282.16,284.3 1 0
github.com/jdetmar/pulumi-webflow/provider/collectionfield.go:286.2,287.53 2 1
github.com/jdetmar/pulumi-webflow/provider/collectionfield.go:287.53,288.18 1 1
github.com/jdetmar/pulumi-webflow/provider/collectionfield.go:288.18,290.11 2 0
github.com/jdetmar/pulumi-webflow/provider/collectionfield.go:291.22,292.76 1 0
github.com/jdetmar/pulumi-webflow/provider/collectionfield.go:293.31,293.31 0 0
github.com/jdetmar/pulumi-webflow/provider/collectionfield.go:297.3,298.17 2 1
github.com/jdetmar/pulumi-webflow/provider/collectionfield.go:298.17,300.4 1 0
github.com/jdetmar/pulumi-webflow/provider/collectionfield.go:301.3,304.17 3 1
github.com/jdetmar/pulumi-webflow/provider/collectionfield.go:304.17,306.12 2 0
github.com/jdetmar/pulumi-webflow/provider/collectionfield.go:309.3,311.17 3 1
github.com/jdetmar/pulumi-webflow/provider/collectionfield.go:311.17,313.12 2 0
github.com/jdetmar/pulumi-webflow/provider/collectionfield.go:317.3,317.29 1 1
github.com/jdetmar/pulumi-webflow/provider/collectionfield.go:317.29,320.24 3 0
github.com/jdetmar/pulumi-webflow/provider/collectionfield.go:320.24,322.5 1 0
github.com/jdetmar/pulumi-webflow/provider/collectionfield.go:322.10,324.5 1 0
github.com/jdetmar/pulumi-webflow/provider/collectionfield.go:326.4,332.28 2 0
github.com/jdetmar/pulumi-webflow/provider/collectionfield.go:332.28,333.12 1 0
github.com/jdetmar/pulumi-webflow/provider/collectionfield.go:334.23,335.77 1 0
github.com/jdetmar/pulumi-webflow/provider/collectionfield.go:336.33,336.33 0 0
github.com/jdetmar/pulumi-webflow/provider/collectionfield.go:339.4,339.12 1 0
github.com/jdetmar/pulumi-webflow/provider/collectionfield.go:343.3,343.55 1 1
github.com/jdetmar/pulumi-webflow/provider/collectionfield.go:343.55,345.4 1 1
github.com/jdetmar/pulumi-webflow/provider/collectionfield.go:347.3,348.54 2 1
github.com/jdetmar/pulumi-webflow/provider/collectionfield.go:348.54,350.4 1 0
github.com/jdetmar/pulumi-webflow/provider/collectionfield.go:352.3,352.21 1 1
github.com/jdetmar/pulumi-webflow/provider/collectionfield.go:355.2,355.61 1 0
github.com/jdetmar/pulumi-webflow/provider/collectionfield.go:368.37,369.34 1 1
github.com/jdetmar/pulumi-webflow/provider/collectionfield.go:369.34,371.3 1 0
github.com/jdetmar/pulumi-webflow/provider/collectionfield.go:373.2,374.37 2 1
github.com/jdetmar/pulumi-webflow/provider/collectionfield.go:374.37,376.3 1 1
github.com/jdetmar/pulumi-webflow/provider/collectionfield.go:378.2,390.16 4 1
github.com/jdetmar/pulumi-webflow/provider/collectionfield.go:390.16,392.3 1 0
github.com/jdetmar/pulumi-webflow/provider/collectionfield.go:394.2,395.53 2 1
github.com/jdetmar/pulumi-webflow/provider/collectionfield.go:395.53,396.18 1 1
github.com/jdetmar/pulumi-webflow/provider/collectionfield.go:396.18,398.11 2 0
github.com/jdetmar/pulumi-webflow/provider/collectionfield.go:399.22,400.76 1 0
github.com/jdetmar/pulumi-webflow/provider/collectionfield.go:401.31,401.31 0 0
github.com/jdetmar/pulumi-webflow/provider/collectionfield.go:405.3,406.17 2 1
github.com/jdetmar/pulumi-webflow/provider/collectionfield.go:406.17,408.4 1 0
github.com/jdetmar/pulumi-webflow/provider/collectionfield.go:409.3,412.17 3 1
github.com/jdetmar/pulumi-webflow/provider/collectionfield.go:412.17,414.12 2 0
github.com/jdetmar/pulumi-webflow/provider/collectionfield.go:417.3,419.17 3 1
github.com/jdetmar/pulumi-webflow/provider/collectionfield.go:419.17,421.12 2 0
github.com/jdetmar/pulumi-webflow/provider/collectionfield.go:425.3,425.29 1 1
github.com/jdetmar/pulumi-webflow/provider/collectionfield.go:425.29,428.24 3 0
github.com/jdetmar/pulumi-webflow/provider/collectionfield.go:428.24,430.5 1 0
github.com/jdetmar/pulumi-webflow/provider/collectionfield.go:430.10,432.5 1 0
github.com/jdetmar/pulumi-webflow/provider/collectionfield.go:434.4,440.28 2 0
github.com/jdetmar/pulumi-webflow/provider/collectionfield.go:440.28,441.12 1 0
github.com/jdetmar/pulumi-webflow/provider/collectionfield.go:442.23,443.77 1 0
github.com/jdetmar/pulumi-webflow/provider/collectionfield.go:444.33,444.33 0 0
github.com/jdetmar/pulumi-webflow/provider/collectionfield.go:447.4,447.12 1 0
github.com/jdetmar/pulumi-webflow/provider/collectionfield.go:451.3,451.29 1 1
github.com/jdetmar/pulumi-webflow/provider/collectionfield.go:451.29,453.4 1 1
github.com/jdetmar/pulumi-webflow/provider/collectionfield.go:455.3,456.54 2 1
github.com/jdetmar/pulumi-webflow/provider/collectionfield.go:456.54,458.4 1 0
github.com/jdetmar/pulumi-webflow/provider/collectionfield.go:460.3,460.21 1 1
github.com/jdetmar/pulumi-webflow/provider/collectionfield.go:463.2,463.61 1 0
github.com/jdetmar/pulumi-webflow/provider/collectionfield.go:472.106,473.34 1 1
github.com/jdetmar/pulumi-webflow/provider/collectionfield.go:473.34,475.3 1 0
github.com/jdetmar/pulumi-webflow/provider/collectionfield.go:477.2,478.40 2 1
github.com/jdetmar/pulumi-webflow/provider/collectionfield.go:478.40,480.3 1 1
github.com/jdetmar/pulumi-webflow/provider/collectionfield.go:482.2,485.53 3 1
github.com/jdetmar/pulumi-webflow/provider/collectionfield.go:485.53,486.18 1 1
github.com/jdetmar/pulumi-webflow/provider/collectionfield.go:486.18,488.11 2 0
github.com/jdetmar/pulumi-webflow/provider/collectionfield.go:489.22,490.71 1 0
github.com/jdetmar/pulumi-webflow/provider/collectionfield.go:491.31,491.31 0 0
github.com/jdetmar/pulumi-webflow/provider/collectionfield.go:495.3,496.17 2 1
github.com/jdetmar/pulumi-webflow/provider/collectionfield.go:496.17,498.4 1 0
github.com/jdetmar/pulumi-webflow/provider/collectionfield.go:500.3,501.17 2 1
github.com/jdetmar/pulumi-webflow/provider/collectionfield.go:501.17,503.12 2 0
github.com/jdetmar/pulumi-webflow/provider/collectionfield.go:506.3,508.17 3 1
github.com/jdetmar/pulumi-webflow/provider/collectionfield.go:508.17,510.12 2 0
github.com/jdetmar/pulumi-webflow/provider/collectionfield.go:514.3,514.29 1 1
github.com/jdetmar/pulumi-webflow/provider/collectionfield.go:514.29,517.24 3 0
github.com/jdetmar/pulumi-webflow/provider/collectionfield.go:517.24,519.5 1 0
github.com/jdetmar/pulumi-webflow/provider/collectionfield.go:519.10,521.5 1 0
github.com/jdetmar/pulumi-webflow/provider/collectionfield.go:523.4,529.28 2 0
github.com/jdetmar/pulumi-webflow/provider/collectionfield.go:529.28,530.12 1 0
github.com/jdetmar/pulumi-webflow/provider/collectionfield.go:531.23,532.72 1 0
github.com/jdetmar/pulumi-webflow/provider/collectionfield.go:533.33,533.33 0 0
github.com/jdetmar/pulumi-webflow/provider/collectionfield.go:536.4,536.12 1 0
github.com/jdetmar/pulumi-webflow/provider/collectionfield.go:541.3,541.55 1 1
github.com/jdetmar/pulumi-webflow/provider/collectionfield.go:541.55,543.4 1 1
github.com/jdetmar/pulumi-webflow/provider/collectionfield.go:546.3,546.51 1 1
github.com/jdetmar/pulumi-webflow/provider/collectionfield.go:549.2,549.56 1 0
github.com/jdetmar/pulumi-webflow/provider/collectionfield_resource.go:58.55,63.2 2 1
github.com/jdetmar/pulumi-webflow/provider/collectionfield_resource.go:66.62,103.2 7 0
github.com/jdetmar/pulumi-webflow/provider/collectionfield_resource.go:106.64,114.2 2 0
github.com/jdetmar/pulumi-webflow/provider/collectionfield_resource.go:121.31,126.55 3 0
github.com/jdetmar/pulumi-webflow/provider/collectionfield_resource.go:126.55,130.3 3 0
github.com/jdetmar/pulumi-webflow/provider/collectionfield_resource.go:133.2,133.39 1 0
github.com/jdetmar/pulumi-webflow/provider/collectionfield_resource.go:133.39,137.3 3 0
github.com/jdetmar/pulumi-webflow/provider/collectionfield_resource.go:140.2,140.53 1 0
github.com/jdetmar/pulumi-webflow/provider/collectionfield_resource.go:140.53,143.3 2 0
github.com/jdetmar/pulumi-webflow/provider/collectionfield_resource.go:146.2,146.39 1 0
github.com/jdetmar/pulumi-webflow/provider/collectionfield_resource.go:146.39,149.3 2 0
github.com/jdetmar/pulumi-webflow/provider/collectionfield_resource.go:152.2,152.51 1 0
github.com/jdetmar/pulumi-webflow/provider/collectionfield_resource.go:152.51,155.3 2 0
github.com/jdetmar/pulumi-webflow/provider/collectionfield_resource.go:158.2,158.47 1 0
github.com/jdetmar/pulumi-webflow/provider/collectionfield_resource.go:158.47,161.3 2 0
github.com/jdetmar/pulumi-webflow/provider/collectionfield_resource.go:168.2,168.27 1 0
github.com/jdetmar/pulumi-webflow/provider/collectionfield_resource.go:168.27,170.3 1 0
github.com/jdetmar/pulumi-webflow/provider/collectionfield_resource.go:172.2,172.18 1 0
github.com/jdetmar/pulumi-webflow/provider/collectionfield_resource.go:178.55,180.70 1 0
github.com/jdetmar/pulumi-webflow/provider/collectionfield_resource.go:180.70,183.3 1 0
github.com/jdetmar/pulumi-webflow/provider/collectionfield_resource.go:184.2,184.59 1 0
github.com/jdetmar/pulumi-webflow/provider/collectionfield_resource.go:184.59,187.3 1 0
github.com/jdetmar/pulumi-webflow/provider/collectionfield_resource.go:188.2,188.73 1 0
github.com/jdetmar/pulumi-webflow/provider/collectionfield_resource.go:188.73,191.3 1 0
github.com/jdetmar/pulumi-webflow/provider/collectionfield_resource.go:193.2,200.16 2 0
github.com/jdetmar/pulumi-webflow/provider/collectionfield_resource.go:200.16,207.3 2 0
github.com/jdetmar/pulumi-webflow/provider/collectionfield_resource.go:210.2,211.16 2 0
github.com/jdetmar/pulumi-webflow/provider/collectionfield_resource.go:211.16,213.3 1 0
github.com/jdetmar/pulumi-webflow/provider/collectionfield_resource.go:216.2,221.16 2 0
github.com/jdetmar/pulumi-webflow/provider/collectionfield_resource.go:221.16,223.3 1 0
github.com/jdetmar/pulumi-webflow/provider/collectionfield_resource.go:226.2,226.23 1 0
github.com/jdetmar/pulumi-webflow/provider/collectionfield_resource.go:226.23,230.3 1 0
github.com/jdetmar/pulumi-webflow/provider/collectionfield_resource.go:233.2,241.8 4 0
github.com/jdetmar/pulumi-webflow/provider/collectionfield_resource.go:248.74,251.16 2 0
github.com/jdetmar/pulumi-webflow/provider/collectionfield_resource.go:251.16,253.3 1 0
github.com/jdetmar/pulumi-webflow/provider/collectionfield_resource.go:256.2,257.16 2 0
github.com/jdetmar/pulumi-webflow/provider/collectionfield_resource.go:257.16,260.3 1 0
github.com/jdetmar/pulumi-webflow/provider/collectionfield_resource.go:263.2,264.16 2 0
github.com/jdetmar/pulumi-webflow/provider/collectionfield_resource.go:264.16,266.49 1 0
github.com/jdetmar/pulumi-webflow/provider/collectionfield_resource.go:266.49,270.4 1 0
github.com/jdetmar/pulumi-webflow/provider/collectionfield_resource.go:271.3,272.47 1 0
github.com/jdetmar/pulumi-webflow/provider/collectionfield_resource.go:276.2,295.8 3 0
github.com/jdetmar/pulumi-webflow/provider/collectionfield_resource.go:301.55,303.70 1 0
github.com/jdetmar/pulumi-webflow/provider/collectionfield_resource.go:303.70,306.3 1 0
github.com/jdetmar/pulumi-webflow/provider/collectionfield_resource.go:307.2,307.73 1 0
github.com/jdetmar/pulumi-webflow/provider/collectionfield_resource.go:307.73,310.3 1 0
github.com/jdetmar/pulumi-webflow/provider/collectionfield_resource.go:312.2,319.16 2 0
github.com/jdetmar/pulumi-webflow/provider/collectionfield_resource.go:319.16,323.3 1 0
github.com/jdetmar/pulumi-webflow/provider/collectionfield_resource.go:326.2,327.16 2 0
github.com/jdetmar/pulumi-webflow/provider/collectionfield_resource.go:327.16,329.3 1 0
github.com/jdetmar/pulumi-webflow/provider/collectionfield_resource.go:332.2,333.16 2 0
github.com/jdetmar/pulumi-webflow/provider/collectionfield_resource.go:333.16,335.3 1 0
github.com/jdetmar/pulumi-webflow/provider/collectionfield_resource.go:338.2,343.16 2 0
github.com/jdetmar/pulumi-webflow/provider/collectionfield_resource.go:343.16,345.3 1 0
github.com/jdetmar/pulumi-webflow/provider/collectionfield_resource.go:348.2,352.8 2 0
github.com/jdetmar/pulumi-webflow/provider/collectionfield_resource.go:358.33,361.16 2 0
github.com/jdetmar/pulumi-webflow/provider/collectionfield_resource.go:361.16,363.3 1 0
github.com/jdetmar/pulumi-webflow/provider/collectionfield_resource.go:366.2,367.16 2 0
github.com/jdetmar/pulumi-webflow/provider/collectionfield_resource.go:367.16,369.3 1 0
github.com/jdetmar/pulumi-webflow/provider/collectionfield_resource.go:372.2,372.82 1 0
github.com/jdetmar/pulumi-webflow/provider/collectionfield_resource.go:372.82,374.3 1 0
github.com/jdetmar/pulumi-webflow/provider/collectionfield_resource.go:376.2,376.36 1 0
github.com/jdetmar/pulumi-webflow/provider/collectionitem.go:57.64,58.25 1 1
github.com/jdetmar/pulumi-webflow/provider/collectionitem.go:58.25,62.3 1 1
github.com/jdetmar/pulumi-webflow/provider/collectionitem.go:65.2,65.12 1 1
github.com/jdetmar/pulumi-webflow/provider/collectionitem.go:70.75,72.2 1 1
github.com/jdetmar/pulumi-webflow/provider/collectionitem.go:76.105,77.22 1 1
github.com/jdetmar/pulumi-webflow/provider/collectionitem.go:77.22,79.3 1 1
github.com/jdetmar/pulumi-webflow/provider/collectionitem.go:81.2,82.43 2 1
github.com/jdetmar/pulumi-webflow/provider/collectionitem.go:82.43,87.3 1 1
github.com/jdetmar/pulumi-webflow/provider/collectionitem.go:89.2,92.34 3 1
github.com/jdetmar/pulumi-webflow/provider/collectionitem.go:103.40,104.34 1 1
github.com/jdetmar/pulumi-webflow/provider/collectionitem.go:104.34,106.3 1 0
github.com/jdetmar/pulumi-webflow/provider/collectionitem.go:108.2,109.37 2 1
github.com/jdetmar/pulumi-webflow/provider/collectionitem.go:109.37,111.3 1 1
github.com/jdetmar/pulumi-webflow/provider/collectionitem.go:113.2,116.53 3 1
github.com/jdetmar/pulumi-webflow/provider/collectionitem.go:116.53,117.18 1 1
github.com/jdetmar/pulumi-webflow/provider/collectionitem.go:117.18,120.11 2 0
github.com/jdetmar/pulumi-webflow/provider/collectionitem.go:121.22,122.76 1 0
github.com/jdetmar/pulumi-webflow/provider/collectionitem.go:123.31,123.31 0 0
github.com/jdetmar/pulumi-webflow/provider/collectionitem.go:127.3,128.17 2 1
github.com/jdetmar/pulumi-webflow/provider/collectionitem.go:128.17,130.4 1 0
github.com/jdetmar/pulumi-webflow/provider/collectionitem.go:132.3,133.17 2 1
github.com/jdetmar/pulumi-webflow/provider/collectionitem.go:133.17,135.12 2 0
github.com/jdetmar/pulumi-webflow/provider/collectionitem.go:138.3,140.17 3 1
github.com/jdetmar/pulumi-webflow/provider/collectionitem.go:140.17,142.12 2 0
github.com/jdetmar/pulumi-webflow/provider/collectionitem.go:146.3,146.29 1 1
github.com/jdetmar/pulumi-webflow/provider/collectionitem.go:146.29,149.24 3 0
github.com/jdetmar/pulumi-webflow/provider/collectionitem.go:149.24,151.5 1 0
github.com/jdetmar/pulumi-webflow/provider/collectionitem.go:151.10,153.5 1 0
github.com/jdetmar/pulumi-webflow/provider/collectionitem.go:155.4,161.28 2 0
github.com/jdetmar/pulumi-webflow/provider/collectionitem.go:161.28,162.12 1 0
github.com/jdetmar/pulumi-webflow/provider/collectionitem.go:163.23,164.77 1 0
github.com/jdetmar/pulumi-webflow/provider/collectionitem.go:165.33,165.33 0 0
github.com/jdetmar/pulumi-webflow/provider/collectionitem.go:168.4,168.12 1 0
github.com/jdetmar/pulumi-webflow/provider/collectionitem.go:172.3,172.29 1 1
github.com/jdetmar/pulumi-webflow/provider/collectionitem.go:172.29,174.4 1 1
github.com/jdetmar/pulumi-webflow/provider/collectionitem.go:176.3,177.57 2 1
github.com/jdetmar/pulumi-webflow/provider/collectionitem.go:177.57,179.4 1 0
github.com/jdetmar/pulumi-webflow/provider/collectionitem.go:181.3,181.24 1 1
github.com/jdetmar/pulumi-webflow/provider/collectionitem.go:184.2,184.61 1 0
github.com/jdetmar/pulumi-webflow/provider/collectionitem.go:193.120,194.34 1 1
github.com/jdetmar/pulumi-webflow/provider/collectionitem.go:194.34,196.3 1 0
github.com/jdetmar/pulumi-webflow/provider/collectionitem.go:198.2,199.36 2 1
github.com/jdetmar/pulumi-webflow/provider/collectionitem.go:199.36,201.3 1 1
github.com/jdetmar/pulumi-webflow/provider/collectionitem.go:203.2,206.53 3 1
github.com/jdetmar/pulumi-webflow/provider/collectionitem.go:206.53,207.18 1 1
github.com/jdetmar/pulumi-webflow/provider/collectionitem.go:207.18,209.11 2 0
github.com/jdetmar/pulumi-webflow/provider/collectionitem.go:210.22,211.76 1 0
github.com/jdetmar/pulumi-webflow/provider/collectionitem.go:212.31,212.31 0 0
github.com/jdetmar/pulumi-webflow/provider/collectionitem.go:216.3,217.17 2 1
github.com/jdetmar/pulumi-webflow/provider/collectionitem.go:217.17,219.4 1 0
github.com/jdetmar/pulumi-webflow/provider/collectionitem.go:221.3,222.17 2 1
github.com/jdetmar/pulumi-webflow/provider/collectionitem.go:222.17,224.12 2 0
github.com/jdetmar/pulumi-webflow/provider/collectionitem.go:227.3,229.17 3 1
github.com/jdetmar/pulumi-webflow/provider/collectionitem.go:229.17,231.12 2 0
github.com/jdetmar/pulumi-webflow/provider/collectionitem.go:235.3,235.29 1 1
github.com/jdetmar/pulumi-webflow/provider/collectionitem.go:235.29,238.24 3 0
github.com/jdetmar/pulumi-webflow/provider/collectionitem.go:238.24,240.5 1 0
github.com/jdetmar/pulumi-webflow/provider/collectionitem.go:240.10,242.5 1 0
github.com/jdetmar/pulumi-webflow/provider/collectionitem.go:244.4,250.28 2 0
github.com/jdetmar/pulumi-webflow/provider/collectionitem.go:250.28,251.12 1 0
github.com/jdetmar/pulumi-webflow/provider/collectionitem.go:252.23,253.77 1 0
github.com/jdetmar/pulumi-webflow/provider/collectionitem.go:254.33,254.33 0 0
github.com/jdetmar/pulumi-webflow/provider/collectionitem.go:257.4,257.12 1 0
github.com/jdetmar/pulumi-webflow/provider/collectionitem.go:261.3,261.29 1 1
github.com/jdetmar/pulumi-webflow/provider/collectionitem.go:261.29,263.4 1 1
github.com/jdetmar/pulumi-webflow/provider/collectionitem.go:265.3,266.53 2 1
github.com/jdetmar/pulumi-webflow/provider/collectionitem.go:266.53,268.4 1 0
github.com/jdetmar/pulumi-webflow/provider/collectionitem.go:270.3,270.20 1 1
github.com/jdetmar/pulumi-webflow/provider/collectionitem.go:273.2,273.61 1 0
github.com/jdetmar/pulumi-webflow/provider/collectionitem.go:286.28,287.34 1 1
github.com/jdetmar/pulumi-webflow/provider/collectionitem.go:287.34,289.3 1 0
github.com/jdetmar/pulumi-webflow/provider/collectionitem.go:291.2,292.37 2 1
github.com/jdetmar/pulumi-webflow/provider/collectionitem.go:292.37,294.3 1 1
github.com/jdetmar/pulumi-webflow/provider/collectionitem.go:296.2,306.16 4 1
github.com/jdetmar/pulumi-webflow/provider/collectionitem.go:306.16,308.3 1 0
github.com/jdetmar/pulumi-webflow/provider/collectionitem.go:310.2,311.53 2 1
github.com/jdetmar/pulumi-webflow/provider/collectionitem.go:311.53,312.18 1 1
github.com/jdetmar/pulumi-webflow/provider/collectionitem.go:312.18,314.11 2 0
github.com/jdetmar/pulumi-webflow/provider/collectionitem.go:315.22,316.76 1 0
github.com/jdetmar/pulumi-webflow/provider/collectionitem.go:317.31,317.31 0 0
github.com/jdetmar/pulumi-webflow/provider/collectionitem.go:321.3,322.17 2 1
github.com/jdetmar/pulumi-webflow/provider/collectionitem.go:322.17,324.4 1 0
github.com/jdetmar/pulumi-webflow/provider/collectionitem.go:325.3,328.17 3 1
github.com/jdetmar/pulumi-webflow/provider/collectionitem.go:328.17,330.12 2 0
github.com/jdetmar/pulumi-webflow/provider/collectionitem.go:333.3,335.17 3 1
github.com/jdetmar/pulumi-webflow/provider/collectionitem.go:335.17,337.12 2 0
github.com/jdetmar/pulumi-webflow/provider/collectionitem.go:341.3,341.29 1 1
github.com/jdetmar/pulumi-webflow/provider/collectionitem.go:341.29,344.24 3 0
github.com/jdetmar/pulumi-webflow/provider/collectionitem.go:344.24,346.5 1 0
github.com/jdetmar/pulumi-webflow/provider/collectionitem.go:346.10,348.5 1 0
github.com/jdetmar/pulumi-webflow/provider/collectionitem.go:350.4,356.28 2 0
github.com/jdetmar/pulumi-webflow/provider/collectionitem.go:356.28,357.12 1 0
github.com/jdetmar/pulumi-webflow/provider/collectionitem.go:358.23,359.77 1 0
github.com/jdetmar/pulumi-webflow/provider/collectionitem.go:360.33,360.33 0 0
github.com/jdetmar/pulumi-webflow/provider/collectionitem.go:363.4,363.12 1 0
github.com/jdetmar/pulumi-webflow/provider/collectionitem.go:367.3,367.55 1 1
github.com/jdetmar/pulumi-webflow/provider/collectionitem.go:367.55,369.4 1 1
github.com/jdetmar/pulumi-webflow/provider/collectionitem.go:371.3,372.53 2 1
github.com/jdetmar/pulumi-webflow/provider/collectionitem.go:372.53,374.4 1 0
github.com/jdetmar/pulumi-webflow/provider/collectionitem.go:376.3,376.20 1 1
github.com/jdetmar/pulumi-webflow/provider/collectionitem.go:379.2,379.61 1 0
github.com/jdetmar/pulumi-webflow/provider/collectionitem.go:392.28,393.34 1 1
github.com/jdetmar/pulumi-webflow/provider/collectionitem.go:393.34,395.3 1 0
github.com/jdetmar/pulumi-webflow/provider/collectionitem.go:397.2,398.38 2 1
github.com/jdetmar/pulumi-webflow/provider/collectionitem.go:398.38,400.3 1 1
github.com/jdetmar/pulumi-webflow/provider/collectionitem.go:402.2,412.16 4 1
github.com/jdetmar/pulumi-webflow/provider/collectionitem.go:412.16,414.3 1 0
github.com/jdetmar/pulumi-webflow/provider/collectionitem.go:416.2,417.53 2 1
github.com/jdetmar/pulumi-webflow/provider/collectionitem.go:417.53,418.18 1 1
github.com/jdetmar/pulumi-webflow/provider/collectionitem.go:418.18,420.11 2 0
github.com/jdetmar/pulumi-webflow/provider/collectionitem.go:421.22,422.76 1 0
github.com/jdetmar/pulumi-webflow/provider/collectionitem.go:423.31,423.31 0 0
github.com/jdetmar/pulumi-webflow/provider/collectionitem.go:427.3,428.17 2 1
github.com/jdetmar/pulumi-webflow/provider/collectionitem.go:428.17,430.4 1 0
github.com/jdetmar/pulumi-webflow/provider/collectionitem.go:431.3,434.17 3 1
github.com/jdetmar/pulumi-webflow/provider/collectionitem.go:434.17,436.12 2 0
github.com/jdetmar/pulumi-webflow/provider/collectionitem.go:439.3,441.17 3 1
github.com/jdetmar/pulumi-webflow/provider/collectionitem.go:441.17,443.12 2 0
github.com/jdetmar/pulumi-webflow/provider/collectionitem.go:447.3,447.29 1 1
github.com/jdetmar/pulumi-webflow/provider/collectionitem.go:447.29,450.24 3 0
github.com/jdetmar/pulumi-webflow/provider/collectionitem.go:450.24,452.5 1 0
github.com/jdetmar/pulumi-webflow/provider/collectionitem.go:452.10,454.5 1 0
github.com/jdetmar/pulumi-webflow/provider/collectionitem.go:456.4,462.28 2 0
github.com/jdetmar/pulumi-webflow/provider/collectionitem.go:462.28,463.12 1 0
github.com/jdetmar/pulumi-webflow/provider/collectionitem.go:464.23,465.77 1 0
github.com/jdetmar/pulumi-webflow/provider/collectionitem.go:466.33,466.33 0 0
github.com/jdetmar/pulumi-webflow/provider/collectionitem.go:469.4,469.12 1 0
github.com/jdetmar/pulumi-webflow/provider/collectionitem.go:473.3,473.29 1 1
github.com/jdetmar/pulumi-webflow/provider/collectionitem.go:473.29,475.4 1 1
github.com/jdetmar/pulumi-webflow/provider/collectionitem.go:477.3,478.53 2 1
github.com/jdetmar/pulumi-webflow/provider/collectionitem.go:478.53,480.4 1 0
github.com/jdetmar/pulumi-webflow/provider/collectionitem.go:482.3,482.20 1 1
github.com/jdetmar/pulumi-webflow/provider/collectionitem.go:485.2,485.61 1 0
github.com/jdetmar/pulumi-webflow/provider/collectionitem.go:494.104,495.34 1 1
github.com/jdetmar/pulumi-webflow/provider/collectionitem.go:495.34,497.3 1 0
github.com/jdetmar/pulumi-webflow/provider/collectionitem.go:499.2,500.39 2 1
github.com/jdetmar/pulumi-webflow/provider/collectionitem.go:500.39,502.3 1 1
github.com/jdetmar/pulumi-webflow/provider/collectionitem.go:504.2,507.53 3 1
github.com/jdetmar/pulumi-webflow/provider/collectionitem.go:507.53,508.18 1 1
github.com/jdetmar/pulumi-webflow/provider/collectionitem.go:508.18,510.11 2 0
github.com/jdetmar/pulumi-webflow/provider/collectionitem.go:511.22,512.71 1 0
github.com/jdetmar/pulumi-webflow/provider/collectionitem.go:513.31,513.31 0 0
github.com/jdetmar/pulumi-webflow/provider/collectionitem.go:517.3,518.17 2 1
github.com/jdetmar/pulumi-webflow/provider/collectionitem.go:518.17,520.4 1 0
github.com/jdetmar/pulumi-webflow/provider/collectionitem.go:522.3,523.17 2 1
github.com/jdetmar/pulumi-webflow/provider/collectionitem.go:523.17,525.12 2 0
github.com/jdetmar/pulumi-webflow/provider/collectionitem.go:528.3,530.17 3 1
github.com/jdetmar/pulumi-webflow/provider/collectionitem.go:530.17,532.12 2 0
github.com/jdetmar/pulumi-webflow/provider/collectionitem.go:536.3,536.29 1 1
github.com/jdetmar/pulumi-webflow/provider/collectionitem.go:536.29,539.24 3 0
github.com/jdetmar/pulumi-webflow/provider/collectionitem.go:539.24,541.5 1 0
github.com/jdetmar/pulumi-webflow/provider/collectionitem.go:541.10,543.5 1 0
github.com/jdetmar/pulumi-webflow/provider/collectionitem.go:545.4,551.28 2 0
github.com/jdetmar/pulumi-webflow/provider/collectionitem.go:551.28,552.12 1 0
github.com/jdetmar/pulumi-webflow/provider/collectionitem.go:553.23,554.72 1 0
github.com/jdetmar/pulumi-webflow/provider/collectionitem.go:555.33,555.33 0 0
github.com/jdetmar/pulumi-webflow/provider/collectionitem.go:558.4,558.12 1 0
github.com/jdetmar/pulumi-webflow/provider/collectionitem.go:563.3,563.55 1 1
github.com/jdetmar/pulumi-webflow/provider/collectionitem.go:563.55,565.4 1 1
github.com/jdetmar/pulumi-webflow/provider/collectionitem.go:568.3,568.51 1 1
github.com/jdetmar/pulumi-webflow/provider/collectionitem.go:571.2,571.56 1 0
github.com/jdetmar/pulumi-webflow/provider/collectionitem_resource.go:57.62,62.2 2 1
github.com/jdetmar/pulumi-webflow/provider/collectionitem_resource.go:65.61,92.2 5 0
github.com/jdetmar/pulumi-webflow/provider/collectionitem_resource.go:95.63,111.2 4 0
github.com/jdetmar/pulumi-webflow/provider/collectionitem_resource.go:118.31,123.55 3 0
github.com/jdetmar/pulumi-webflow/provider/collectionitem_resource.go:123.55,127.3 3 0
github.com/jdetmar/pulumi-webflow/provider/collectionitem_resource.go:134.2,134.65 1 0
github.com/jdetmar/pulumi-webflow/provider/collectionitem_resource.go:134.65,135.54 1 0
github.com/jdetmar/pulumi-webflow/provider/collectionitem_resource.go:135.54,138.4 2 0
github.com/jdetmar/pulumi-webflow/provider/collectionitem_resource.go:139.8,139.58 1 0
github.com/jdetmar/pulumi-webflow/provider/collectionitem_resource.go:139.58,143.3 2 0
github.com/jdetmar/pulumi-webflow/provider/collectionitem_resource.go:146.2,146.59 1 0
github.com/jdetmar/pulumi-webflow/provider/collectionitem_resource.go:146.59,147.48 1 0
github.com/jdetmar/pulumi-webflow/provider/collectionitem_resource.go:147.48,150.4 2 0
github.com/jdetmar/pulumi-webflow/provider/collectionitem_resource.go:151.8,151.52 1 0
github.com/jdetmar/pulumi-webflow/provider/collectionitem_resource.go:151.52,155.3 2 0
github.com/jdetmar/pulumi-webflow/provider/collectionitem_resource.go:158.2,158.53 1 0
github.com/jdetmar/pulumi-webflow/provider/collectionitem_resource.go:158.53,161.3 2 0
github.com/jdetmar/pulumi-webflow/provider/collectionitem_resource.go:164.2,164.27 1 0
github.com/jdetmar/pulumi-webflow/provider/collectionitem_resource.go:164.27,166.3 1 0
github.com/jdetmar/pulumi-webflow/provider/collectionitem_resource.go:168.2,168.18 1 0
github.com/jdetmar/pulumi-webflow/provider/collectionitem_resource.go:174.54,176.70 1 0
github.com/jdetmar/pulumi-webflow/provider/collectionitem_resource.go:176.70,179.3 1 0
github.com/jdetmar/pulumi-webflow/provider/collectionitem_resource.go:180.2,180.64 1 0
github.com/jdetmar/pulumi-webflow/provider/collectionitem_resource.go:180.64,183.3 1 0
github.com/jdetmar/pulumi-webflow/provider/collectionitem_resource.go:185.2,194.16 2 0
github.com/jdetmar/pulumi-webflow/provider/collectionitem_resource.go:194.16,206.3 6 0
github.com/jdetmar/pulumi-webflow/provider/collectionitem_resource.go:209.2,210.16 2 0
github.com/jdetmar/pulumi-webflow/provider/collectionitem_resource.go:210.16,212.3 1 0
github.com/jdetmar/pulumi-webflow/provider/collectionitem_resource.go:215.2,219.16 2 0
github.com/jdetmar/pulumi-webflow/provider/collectionitem_resource.go:219.16,221.3 1 0
github.com/jdetmar/pulumi-webflow/provider/collectionitem_resource.go:224.2,224.23 1 0
github.com/jdetmar/pulumi-webflow/provider/collectionitem_resource.go:224.23,228.3 1 0
github.com/jdetmar/pulumi-webflow/provider/collectionitem_resource.go:231.2,241.8 6 0
github.com/jdetmar/pulumi-webflow/provider/collectionitem_resource.go:248.72,251.16 2 0
github.com/jdetmar/pulumi-webflow/provider/collectionitem_resource.go:251.16,253.3 1 0
github.com/jdetmar/pulumi-webflow/provider/collectionitem_resource.go:256.2,257.16 2 0
github.com/jdetmar/pulumi-webflow/provider/collectionitem_resource.go:257.16,260.3 1 0
github.com/jdetmar/pulumi-webflow/provider/collectionitem_resource.go:263.2,264.16 2 0
github.com/jdetmar/pulumi-webflow/provider/collectionitem_resource.go:264.16,266.49 1 0
github.com/jdetmar/pulumi-webflow/provider/collectionitem_resource.go:266.49,270.4 1 0
github.com/jdetmar/pulumi-webflow/provider/collectionitem_resource.go:271.3,272.46 1 0
github.com/jdetmar/pulumi-webflow/provider/collectionitem_resource.go:276.2,300.8 7 0
github.com/jdetmar/pulumi-webflow/provider/collectionitem_resource.go:306.54,308.70 1 0
github.com/jdetmar/pulumi-webflow/provider/collectionitem_resource.go:308.70,311.3 1 0
github.com/jdetmar/pulumi-webflow/provider/collectionitem_resource.go:312.2,312.64 1 0
github.com/jdetmar/pulumi-webflow/provider/collectionitem_resource.go:312.64,315.3 1 0
github.com/jdetmar/pulumi-webflow/provider/collectionitem_resource.go:317.2,326.16 2 0
github.com/jdetmar/pulumi-webflow/provider/collectionitem_resource.go:326.16,331.3 2 0
github.com/jdetmar/pulumi-webflow/provider/collectionitem_resource.go:334.2,335.16 2 0
github.com/jdetmar/pulumi-webflow/provider/collectionitem_resource.go:335.16,337.3 1 0
github.com/jdetmar/pulumi-webflow/provider/collectionitem_resource.go:340.2,341.16 2 0
github.com/jdetmar/pulumi-webflow/provider/collectionitem_resource.go:341.16,343.3 1 0
github.com/jdetmar/pulumi-webflow/provider/collectionitem_resource.go:346.2,350.16 2 0
github.com/jdetmar/pulumi-webflow/provider/collectionitem_resource.go:350.16,352.3 1 0
github.com/jdetmar/pulumi-webflow/provider/collectionitem_resource.go:355.2,360.8 3 0
github.com/jdetmar/pulumi-webflow/provider/collectionitem_resource.go:366.33,369.16 2 0
github.com/jdetmar/pulumi-webflow/provider/collectionitem_resource.go:369.16,371.3 1 0
github.com/jdetmar/pulumi-webflow/provider/collectionitem_resource.go:374.2,375.16 2 0
github.com/jdetmar/pulumi-webflow/provider/collectionitem_resource.go:375.16,377.3 1 0
github.com/jdetmar/pulumi-webflow/provider/collectionitem_resource.go:380.2,380.80 1 0
github.com/jdetmar/pulumi-webflow/provider/collectionitem_resource.go:380.80,382.3 1 0
github.com/jdetmar/pulumi-webflow/provider/collectionitem_resource.go:384.2,384.36 1 0
github.com/jdetmar/pulumi-webflow/provider/config.go:25.46,28.2 1 0
github.com/jdetmar/pulumi-webflow/provider/config.go:32.55,36.2 1 0
github.com/jdetmar/pulumi-webflow/provider/config.go:39.79,45.44 3 0
github.com/jdetmar/pulumi-webflow/provider/config.go:45.44,47.3 1 0
github.com/jdetmar/pulumi-webflow/provider/config.go:47.8,50.3 1 0
github.com/jdetmar/pulumi-webflow/provider/config.go:52.2,52.17 1 0
github.com/jdetmar/pulumi-webflow/provider/config.go:52.17,54.3 1 0
github.com/jdetmar/pulumi-webflow/provider/config.go:57.2,57.45 1 0
github.com/jdetmar/pulumi-webflow/provider/config.go:57.45,59.3 1 0
github.com/jdetmar/pulumi-webflow/provider/config.go:62.2,62.41 1 0
github.com/jdetmar/pulumi-webflow/provider/page.go:70.42,71.18 1 1
github.com/jdetmar/pulumi-webflow/provider/page.go:71.18,76.3 1 1
github.com/jdetmar/pulumi-webflow/provider/page.go:77.2,77.40 1 1
github.com/jdetmar/pulumi-webflow/provider/page.go:77.40,83.3 1 1
github.com/jdetmar/pulumi-webflow/provider/page.go:84.2,84.12 1 1
github.com/jdetmar/pulumi-webflow/provider/page.go:89.59,91.2 1 1
github.com/jdetmar/pulumi-webflow/provider/page.go:95.89,96.22 1 1
github.com/jdetmar/pulumi-webflow/provider/page.go:96.22,98.3 1 1
github.com/jdetmar/pulumi-webflow/provider/page.go:103.2,105.58 3 1
github.com/jdetmar/pulumi-webflow/provider/page.go:105.58,106.54 1 1
github.com/jdetmar/pulumi-webflow/provider/page.go:106.54,108.9 2 1
github.com/jdetmar/pulumi-webflow/provider/page.go:112.2,112.28 1 1
github.com/jdetmar/pulumi-webflow/provider/page.go:112.28,114.3 1 1
github.com/jdetmar/pulumi-webflow/provider/page.go:116.2,119.34 3 1
github.com/jdetmar/pulumi-webflow/provider/page.go:119.34,121.3 1 1
github.com/jdetmar/pulumi-webflow/provider/page.go:123.2,123.28 1 1
github.com/jdetmar/pulumi-webflow/provider/page.go:132.96,133.34 1 1
github.com/jdetmar/pulumi-webflow/provider/page.go:133.34,135.3 1 0
github.com/jdetmar/pulumi-webflow/provider/page.go:137.2,138.27 2 1
github.com/jdetmar/pulumi-webflow/provider/page.go:138.27,140.3 1 1
github.com/jdetmar/pulumi-webflow/provider/page.go:142.2,145.53 3 1
github.com/jdetmar/pulumi-webflow/provider/page.go:145.53,146.18 1 1
github.com/jdetmar/pulumi-webflow/provider/page.go:146.18,149.11 2 0
github.com/jdetmar/pulumi-webflow/provider/page.go:150.22,151.76 1 0
github.com/jdetmar/pulumi-webflow/provider/page.go:152.31,152.31 0 0
github.com/jdetmar/pulumi-webflow/provider/page.go:156.3,157.17 2 1
github.com/jdetmar/pulumi-webflow/provider/page.go:157.17,159.4 1 0
github.com/jdetmar/pulumi-webflow/provider/page.go:161.3,162.17 2 1
github.com/jdetmar/pulumi-webflow/provider/page.go:162.17,164.12 2 0
github.com/jdetmar/pulumi-webflow/provider/page.go:167.3,169.17 3 1
github.com/jdetmar/pulumi-webflow/provider/page.go:169.17,171.12 2 0
github.com/jdetmar/pulumi-webflow/provider/page.go:175.3,175.29 1 1
github.com/jdetmar/pulumi-webflow/provider/page.go:175.29,178.24 3 0
github.com/jdetmar/pulumi-webflow/provider/page.go:178.24,180.5 1 0
github.com/jdetmar/pulumi-webflow/provider/page.go:180.10,182.5 1 0
github.com/jdetmar/pulumi-webflow/provider/page.go:185.4,192.28 2 0
github.com/jdetmar/pulumi-webflow/provider/page.go:192.28,193.12 1 0
github.com/jdetmar/pulumi-webflow/provider/page.go:194.23,195.77 1 0
github.com/jdetmar/pulumi-webflow/provider/page.go:196.33,196.33 0 0
github.com/jdetmar/pulumi-webflow/provider/page.go:199.4,199.12 1 0
github.com/jdetmar/pulumi-webflow/provider/page.go:203.3,203.29 1 1
github.com/jdetmar/pulumi-webflow/provider/page.go:203.29,205.4 1 1
github.com/jdetmar/pulumi-webflow/provider/page.go:207.3,208.57 2 1
github.com/jdetmar/pulumi-webflow/provider/page.go:208.57,210.4 1 0
github.com/jdetmar/pulumi-webflow/provider/page.go:212.3,212.24 1 1
github.com/jdetmar/pulumi-webflow/provider/page.go:215.2,215.61 1 0
github.com/jdetmar/pulumi-webflow/provider/page.go:224.86,225.34 1 1
github.com/jdetmar/pulumi-webflow/provider/page.go:225.34,227.3 1 0
github.com/jdetmar/pulumi-webflow/provider/page.go:229.2,230.26 2 1
github.com/jdetmar/pulumi-webflow/provider/page.go:230.26,232.3 1 1
github.com/jdetmar/pulumi-webflow/provider/page.go:234.2,237.53 3 1
github.com/jdetmar/pulumi-webflow/provider/page.go:237.53,238.18 1 1
github.com/jdetmar/pulumi-webflow/provider/page.go:238.18,241.11 2 0
github.com/jdetmar/pulumi-webflow/provider/page.go:242.22,243.76 1 0
github.com/jdetmar/pulumi-webflow/provider/page.go:244.31,244.31 0 0
github.com/jdetmar/pulumi-webflow/provider/page.go:248.3,249.17 2 1
github.com/jdetmar/pulumi-webflow/provider/page.go:249.17,251.4 1 0
github.com/jdetmar/pulumi-webflow/provider/page.go:253.3,254.17 2 1
github.com/jdetmar/pulumi-webflow/provider/page.go:254.17,256.12 2 0
github.com/jdetmar/pulumi-webflow/provider/page.go:259.3,261.17 3 1
github.com/jdetmar/pulumi-webflow/provider/page.go:261.17,263.12 2 0
github.com/jdetmar/pulumi-webflow/provider/page.go:267.3,267.29 1 1
github.com/jdetmar/pulumi-webflow/provider/page.go:267.29,270.24 3 0
github.com/jdetmar/pulumi-webflow/provider/page.go:270.24,272.5 1 0
github.com/jdetmar/pulumi-webflow/provider/page.go:272.10,274.5 1 0
github.com/jdetmar/pulumi-webflow/provider/page.go:276.4,282.28 2 0
github.com/jdetmar/pulumi-webflow/provider/page.go:282.28,283.12 1 0
github.com/jdetmar/pulumi-webflow/provider/page.go:284.23,285.77 1 0
github.com/jdetmar/pulumi-webflow/provider/page.go:286.33,286.33 0 0
github.com/jdetmar/pulumi-webflow/provider/page.go:289.4,289.12 1 0
github.com/jdetmar/pulumi-webflow/provider/page.go:293.3,293.29 1 1
github.com/jdetmar/pulumi-webflow/provider/page.go:293.29,295.4 1 1
github.com/jdetmar/pulumi-webflow/provider/page.go:297.3,298.53 2 1
github.com/jdetmar/pulumi-webflow/provider/page.go:298.53,300.4 1 0
github.com/jdetmar/pulumi-webflow/provider/page.go:302.3,302.20 1 1
github.com/jdetmar/pulumi-webflow/provider/page.go:305.2,305.61 1 0
github.com/jdetmar/pulumi-webflow/provider/page_resource.go:85.48,91.2 2 1
github.com/jdetmar/pulumi-webflow/provider/page_resource.go:94.55,106.2 2 0
github.com/jdetmar/pulumi-webflow/provider/page_resource.go:109.57,154.2 10 0
github.com/jdetmar/pulumi-webflow/provider/page_resource.go:160.60,162.57 1 0
github.com/jdetmar/pulumi-webflow/provider/page_resource.go:162.57,164.3 1 0
github.com/jdetmar/pulumi-webflow/provider/page_resource.go:167.2,168.16 2 0
github.com/jdetmar/pulumi-webflow/provider/page_resource.go:168.16,170.3 1 0
github.com/jdetmar/pulumi-webflow/provider/page_resource.go:173.2,173.28 1 0
github.com/jdetmar/pulumi-webflow/provider/page_resource.go:173.28,175.58 1 0
github.com/jdetmar/pulumi-webflow/provider/page_resource.go:175.58,177.4 1 0
github.com/jdetmar/pulumi-webflow/provider/page_resource.go:180.3,181.17 2 0
github.com/jdetmar/pulumi-webflow/provider/page_resource.go:181.17,183.47 1 0
github.com/jdetmar/pulumi-webflow/provider/page_resource.go:183.47,187.5 1 0
github.com/jdetmar/pulumi-webflow/provider/page_resource.go:188.4,188.104 1 0
github.com/jdetmar/pulumi-webflow/provider/page_resource.go:192.3,213.9 3 0
github.com/jdetmar/pulumi-webflow/provider/page_resource.go:217.2,218.16 2 0
github.com/jdetmar/pulumi-webflow/provider/page_resource.go:218.16,220.3 1 0
github.com/jdetmar/pulumi-webflow/provider/page_resource.go:223.2,224.32 2 0
github.com/jdetmar/pulumi-webflow/provider/page_resource.go:224.32,238.3 2 0
github.com/jdetmar/pulumi-webflow/provider/page_resource.go:241.2,254.8 3 0
github.com/jdetmar/pulumi-webflow/provider/page_resource.go:261.48,266.2 1 0
github.com/jdetmar/pulumi-webflow/provider/page_resource.go:271.48,276.2 1 0
github.com/jdetmar/pulumi-webflow/provider/page_resource.go:279.118,282.2 1 0
github.com/jdetmar/pulumi-webflow/provider/pagecontent.go:68.42,69.18 1 1
github.com/jdetmar/pulumi-webflow/provider/pagecontent.go:69.18,74.3 1 1
github.com/jdetmar/pulumi-webflow/provider/pagecontent.go:75.2,75.12 1 1
github.com/jdetmar/pulumi-webflow/provider/pagecontent.go:81.58,83.2 1 1
github.com/jdetmar/pulumi-webflow/provider/pagecontent.go:87.80,88.22 1 1
github.com/jdetmar/pulumi-webflow/provider/pagecontent.go:88.22,90.3 1 1
github.com/jdetmar/pulumi-webflow/provider/pagecontent.go:93.2,94.36 2 1
github.com/jdetmar/pulumi-webflow/provider/pagecontent.go:94.36,96.3 1 1
github.com/jdetmar/pulumi-webflow/provider/pagecontent.go:98.2,98.56 1 1
github.com/jdetmar/pulumi-webflow/provider/pagecontent.go:98.56,100.3 1 1
github.com/jdetmar/pulumi-webflow/provider/pagecontent.go:102.2,103.18 2 1
github.com/jdetmar/pulumi-webflow/provider/pagecontent.go:103.18,105.3 1 0
github.com/jdetmar/pulumi-webflow/provider/pagecontent.go:107.2,107.20 1 1
github.com/jdetmar/pulumi-webflow/provider/pagecontent.go:116.108,117.34 1 1
github.com/jdetmar/pulumi-webflow/provider/pagecontent.go:117.34,119.3 1 0
github.com/jdetmar/pulumi-webflow/provider/pagecontent.go:121.2,122.33 2 1
github.com/jdetmar/pulumi-webflow/provider/pagecontent.go:122.33,124.3 1 1
github.com/jdetmar/pulumi-webflow/provider/pagecontent.go:126.2,129.53 3 1
github.com/jdetmar/pulumi-webflow/provider/pagecontent.go:129.53,130.18 1 1
github.com/jdetmar/pulumi-webflow/provider/pagecontent.go:130.18,133.11 2 1
github.com/jdetmar/pulumi-webflow/provider/pagecontent.go:134.22,135.76 1 0
github.com/jdetmar/pulumi-webflow/provider/pagecontent.go:136.31,136.31 0 1
github.com/jdetmar/pulumi-webflow/provider/pagecontent.go:140.3,141.17 2 1
github.com/jdetmar/pulumi-webflow/provider/pagecontent.go:141.17,143.4 1 0
github.com/jdetmar/pulumi-webflow/provider/pagecontent.go:145.3,146.17 2 1
github.com/jdetmar/pulumi-webflow/provider/pagecontent.go:146.17,148.12 2 0
github.com/jdetmar/pulumi-webflow/provider/pagecontent.go:151.3,153.17 3 1
github.com/jdetmar/pulumi-webflow/provider/pagecontent.go:153.17,155.12 2 0
github.com/jdetmar/pulumi-webflow/provider/pagecontent.go:159.3,159.29 1 1
github.com/jdetmar/pulumi-webflow/provider/pagecontent.go:159.29,162.24 3 1
github.com/jdetmar/pulumi-webflow/provider/pagecontent.go:162.24,164.5 1 1
github.com/jdetmar/pulumi-webflow/provider/pagecontent.go:164.10,166.5 1 0
github.com/jdetmar/pulumi-webflow/provider/pagecontent.go:169.4,176.28 2 1
github.com/jdetmar/pulumi-webflow/provider/pagecontent.go:176.28,177.12 1 1
github.com/jdetmar/pulumi-webflow/provider/pagecontent.go:178.23,179.77 1 0
github.com/jdetmar/pulumi-webflow/provider/pagecontent.go:180.33,180.33 0 1
github.com/jdetmar/pulumi-webflow/provider/pagecontent.go:183.4,183.12 1 1
github.com/jdetmar/pulumi-webflow/provider/pagecontent.go:187.3,187.29 1 1
github.com/jdetmar/pulumi-webflow/provider/pagecontent.go:187.29,189.4 1 1
github.com/jdetmar/pulumi-webflow/provider/pagecontent.go:191.3,192.57 2 1
github.com/jdetmar/pulumi-webflow/provider/pagecontent.go:192.57,194.4 1 0
github.com/jdetmar/pulumi-webflow/provider/pagecontent.go:196.3,196.24 1 1
github.com/jdetmar/pulumi-webflow/provider/pagecontent.go:199.2,199.61 1 0
github.com/jdetmar/pulumi-webflow/provider/pagecontent.go:211.33,212.34 1 1
github.com/jdetmar/pulumi-webflow/provider/pagecontent.go:212.34,214.3 1 0
github.com/jdetmar/pulumi-webflow/provider/pagecontent.go:216.2,217.33 2 1
github.com/jdetmar/pulumi-webflow/provider/pagecontent.go:217.33,219.3 1 1
github.com/jdetmar/pulumi-webflow/provider/pagecontent.go:221.2,228.16 4 1
github.com/jdetmar/pulumi-webflow/provider/pagecontent.go:228.16,230.3 1 0
github.com/jdetmar/pulumi-webflow/provider/pagecontent.go:232.2,233.53 2 1
github.com/jdetmar/pulumi-webflow/provider/pagecontent.go:233.53,234.18 1 1
github.com/jdetmar/pulumi-webflow/provider/pagecontent.go:234.18,237.11 2 1
github.com/jdetmar/pulumi-webflow/provider/pagecontent.go:238.22,239.76 1 0
github.com/jdetmar/pulumi-webflow/provider/pagecontent.go:240.31,240.31 0 1
github.com/jdetmar/pulumi-webflow/provider/pagecontent.go:244.3,245.17 2 1
github.com/jdetmar/pulumi-webflow/provider/pagecontent.go:245.17,247.4 1 0
github.com/jdetmar/pulumi-webflow/provider/pagecontent.go:248.3,251.17 3 1
github.com/jdetmar/pulumi-webflow/provider/pagecontent.go:251.17,253.12 2 0
github.com/jdetmar/pulumi-webflow/provider/pagecontent.go:256.3,258.17 3 1
github.com/jdetmar/pulumi-webflow/provider/pagecontent.go:258.17,260.12 2 0
github.com/jdetmar/pulumi-webflow/provider/pagecontent.go:264.3,264.29 1 1
github.com/jdetmar/pulumi-webflow/provider/pagecontent.go:264.29,267.24 3 1
github.com/jdetmar/pulumi-webflow/provider/pagecontent.go:267.24,269.5 1 1
github.com/jdetmar/pulumi-webflow/provider/pagecontent.go:269.10,271.5 1 0
github.com/jdetmar/pulumi-webflow/provider/pagecontent.go:274.4,281.28 2 1
github.com/jdetmar/pulumi-webflow/provider/pagecontent.go:281.28,282.12 1 1
github.com/jdetmar/pulumi-webflow/provider/pagecontent.go:283.23,284.77 1 0
github.com/jdetmar/pulumi-webflow/provider/pagecontent.go:285.33,285.33 0 1
github.com/jdetmar/pulumi-webflow/provider/pagecontent.go:288.4,288.12 1 1
github.com/jdetmar/pulumi-webflow/provider/pagecontent.go:292.3,292.29 1 1
github.com/jdetmar/pulumi-webflow/provider/pagecontent.go:292.29,294.4 1 1
github.com/jdetmar/pulumi-webflow/provider/pagecontent.go:296.3,297.57 2 1
github.com/jdetmar/pulumi-webflow/provider/pagecontent.go:297.57,299.4 1 0
github.com/jdetmar/pulumi-webflow/provider/pagecontent.go:301.3,301.24 1 1
github.com/jdetmar/pulumi-webflow/provider/pagecontent.go:304.2,304.61 1 0
github.com/jdetmar/pulumi-webflow/provider/pagecontent_resource.go:51.51,61.2 2 1
github.com/jdetmar/pulumi-webflow/provider/pagecontent_resource.go:64.58,76.2 2 0
github.com/jdetmar/pulumi-webflow/provider/pagecontent_resource.go:79.59,89.2 2 0
github.com/jdetmar/pulumi-webflow/provider/pagecontent_resource.go:92.60,96.2 1 0
github.com/jdetmar/pulumi-webflow/provider/pagecontent_resource.go:103.31,107.43 2 1
github.com/jdetmar/pulumi-webflow/provider/pagecontent_resource.go:107.43,114.3 4 1
github.com/jdetmar/pulumi-webflow/provider/pagecontent_resource.go:118.2,118.51 1 1
github.com/jdetmar/pulumi-webflow/provider/pagecontent_resource.go:118.51,124.3 3 0
github.com/jdetmar/pulumi-webflow/provider/pagecontent_resource.go:128.2,129.39 2 1
github.com/jdetmar/pulumi-webflow/provider/pagecontent_resource.go:129.39,131.3 1 1
github.com/jdetmar/pulumi-webflow/provider/pagecontent_resource.go:133.2,134.40 2 1
github.com/jdetmar/pulumi-webflow/provider/pagecontent_resource.go:134.40,136.3 1 1
github.com/jdetmar/pulumi-webflow/provider/pagecontent_resource.go:139.2,139.44 1 1
github.com/jdetmar/pulumi-webflow/provider/pagecontent_resource.go:139.44,141.40 2 1
github.com/jdetmar/pulumi-webflow/provider/pagecontent_resource.go:141.40,147.4 3 1
github.com/jdetmar/pulumi-webflow/provider/pagecontent_resource.go:151.2,151.33 1 1
github.com/jdetmar/pulumi-webflow/provider/pagecontent_resource.go:151.33,152.47 1 1
github.com/jdetmar/pulumi-webflow/provider/pagecontent_resource.go:152.47,158.4 3 0
github.com/jdetmar/pulumi-webflow/provider/pagecontent_resource.go:161.2,161.18 1 1
github.com/jdetmar/pulumi-webflow/provider/pagecontent_resource.go:168.51,170.58 1 0
github.com/jdetmar/pulumi-webflow/provider/pagecontent_resource.go:170.58,172.3 1 0
github.com/jdetmar/pulumi-webflow/provider/pagecontent_resource.go:175.2,175.32 1 0
github.com/jdetmar/pulumi-webflow/provider/pagecontent_resource.go:175.32,181.3 1 0
github.com/jdetmar/pulumi-webflow/provider/pagecontent_resource.go:183.2,183.40 1 0
github.com/jdetmar/pulumi-webflow/provider/pagecontent_resource.go:183.40,184.53 1 0
github.com/jdetmar/pulumi-webflow/provider/pagecontent_resource.go:184.53,187.4 1 0
github.com/jdetmar/pulumi-webflow/provider/pagecontent_resource.go:188.3,188.22 1 0
github.com/jdetmar/pulumi-webflow/provider/pagecontent_resource.go:188.22,192.4 1 0
github.com/jdetmar/pulumi-webflow/provider/pagecontent_resource.go:195.2,201.16 2 0
github.com/jdetmar/pulumi-webflow/provider/pagecontent_resource.go:201.16,210.3 3 0
github.com/jdetmar/pulumi-webflow/provider/pagecontent_resource.go:213.2,214.16 2 0
github.com/jdetmar/pulumi-webflow/provider/pagecontent_resource.go:214.16,216.3 1 0
github.com/jdetmar/pulumi-webflow/provider/pagecontent_resource.go:219.2,220.40 2 0
github.com/jdetmar/pulumi-webflow/provider/pagecontent_resource.go:220.40,225.3 1 0
github.com/jdetmar/pulumi-webflow/provider/pagecontent_resource.go:228.2,229.16 2 0
github.com/jdetmar/pulumi-webflow/provider/pagecontent_resource.go:229.16,231.3 1 0
github.com/jdetmar/pulumi-webflow/provider/pagecontent_resource.go:234.2,241.8 3 0
github.com/jdetmar/pulumi-webflow/provider/pagecontent_resource.go:248.66,251.16 2 0
github.com/jdetmar/pulumi-webflow/provider/pagecontent_resource.go:251.16,253.3 1 0
github.com/jdetmar/pulumi-webflow/provider/pagecontent_resource.go:256.2,257.16 2 0
github.com/jdetmar/pulumi-webflow/provider/pagecontent_resource.go:257.16,259.3 1 0
github.com/jdetmar/pulumi-webflow/provider/pagecontent_resource.go:262.2,263.16 2 0
github.com/jdetmar/pulumi-webflow/provider/pagecontent_resource.go:263.16,270.3 1 0
github.com/jdetmar/pulumi-webflow/provider/pagecontent_resource.go:281.2,291.27 3 0
[...]
github.com/jdetmar/pulumi-webflow/provider/site.go:731.10,734.82 1 0
github.com/jdetmar/pulumi-webflow/provider/site_resource.go:83.52,88.2 2 1
github.com/jdetmar/pulumi-webflow/provider/site_resource.go:91.51,146.2 7 0
github.com/jdetmar/pulumi-webflow/provider/site_resource.go:149.53,174.2 6 0
github.com/jdetmar/pulumi-webflow/provider/site_resource.go:181.31,189.53 2 1
github.com/jdetmar/pulumi-webflow/provider/site_resource.go:189.53,197.3 4 1
github.com/jdetmar/pulumi-webflow/provider/site_resource.go:199.2,199.55 1 1
github.com/jdetmar/pulumi-webflow/provider/site_resource.go:199.55,207.3 4 0
github.com/jdetmar/pulumi-webflow/provider/site_resource.go:212.2,212.53 1 1
github.com/jdetmar/pulumi-webflow/provider/site_resource.go:212.53,217.3 2 1
github.com/jdetmar/pulumi-webflow/provider/site_resource.go:219.2,219.49 1 1
github.com/jdetmar/pulumi-webflow/provider/site_resource.go:219.49,224.3 2 1
github.com/jdetmar/pulumi-webflow/provider/site_resource.go:226.2,226.47 1 1
github.com/jdetmar/pulumi-webflow/provider/site_resource.go:226.47,231.3 2 1
github.com/jdetmar/pulumi-webflow/provider/site_resource.go:233.2,233.59 1 1
github.com/jdetmar/pulumi-webflow/provider/site_resource.go:233.59,238.3 2 1
github.com/jdetmar/pulumi-webflow/provider/site_resource.go:240.2,240.45 1 1
github.com/jdetmar/pulumi-webflow/provider/site_resource.go:240.45,245.3 2 1
github.com/jdetmar/pulumi-webflow/provider/site_resource.go:247.2,247.18 1 1
github.com/jdetmar/pulumi-webflow/provider/site_resource.go:253.44,255.68 1 1
github.com/jdetmar/pulumi-webflow/provider/site_resource.go:255.68,257.3 1 1
github.com/jdetmar/pulumi-webflow/provider/site_resource.go:258.2,258.68 1 1
github.com/jdetmar/pulumi-webflow/provider/site_resource.go:258.68,260.3 1 1
github.com/jdetmar/pulumi-webflow/provider/site_resource.go:261.2,261.64 1 1
github.com/jdetmar/pulumi-webflow/provider/site_resource.go:261.64,263.3 1 1
github.com/jdetmar/pulumi-webflow/provider/site_resource.go:264.2,264.62 1 1
github.com/jdetmar/pulumi-webflow/provider/site_resource.go:264.62,266.3 1 1
github.com/jdetmar/pulumi-webflow/provider/site_resource.go:269.2,275.16 2 1
github.com/jdetmar/pulumi-webflow/provider/site_resource.go:275.16,283.3 2 1
github.com/jdetmar/pulumi-webflow/provider/site_resource.go:286.2,287.16 2 0
github.com/jdetmar/pulumi-webflow/provider/site_resource.go:287.16,289.3 1 0
github.com/jdetmar/pulumi-webflow/provider/site_resource.go:292.2,297.16 2 0
github.com/jdetmar/pulumi-webflow/provider/site_resource.go:297.16,299.3 1 0
github.com/jdetmar/pulumi-webflow/provider/site_resource.go:302.2,302.23 1 0
github.com/jdetmar/pulumi-webflow/provider/site_resource.go:302.23,306.3 1 0
github.com/jdetmar/pulumi-webflow/provider/site_resource.go:309.2,314.35 4 0
github.com/jdetmar/pulumi-webflow/provider/site_resource.go:314.35,316.3 1 0
github.com/jdetmar/pulumi-webflow/provider/site_resource.go:317.2,321.24 3 0
github.com/jdetmar/pulumi-webflow/provider/site_resource.go:321.24,322.71 1 0
github.com/jdetmar/pulumi-webflow/provider/site_resource.go:322.71,326.4 1 0
github.com/jdetmar/pulumi-webflow/provider/site_resource.go:330.2,333.8 1 0
github.com/jdetmar/pulumi-webflow/provider/site_resource.go:345.52,348.16 2 0
github.com/jdetmar/pulumi-webflow/provider/site_resource.go:348.16,350.3 1 0
github.com/jdetmar/pulumi-webflow/provider/site_resource.go:353.2,357.16 3 0
github.com/jdetmar/pulumi-webflow/provider/site_resource.go:357.16,359.3 1 0
github.com/jdetmar/pulumi-webflow/provider/site_resource.go:362.2,362.21 1 0
github.com/jdetmar/pulumi-webflow/provider/site_resource.go:362.21,371.3 1 0
github.com/jdetmar/pulumi-webflow/provider/site_resource.go:375.2,401.8 3 0
github.com/jdetmar/pulumi-webflow/provider/site_resource.go:407.44,412.68 2 1
github.com/jdetmar/pulumi-webflow/provider/site_resource.go:412.68,414.3 1 1
github.com/jdetmar/pulumi-webflow/provider/site_resource.go:415.2,415.64 1 1
github.com/jdetmar/pulumi-webflow/provider/site_resource.go:415.64,417.3 1 0
github.com/jdetmar/pulumi-webflow/provider/site_resource.go:418.2,418.62 1 1
github.com/jdetmar/pulumi-webflow/provider/site_resource.go:418.62,420.3 1 0
github.com/jdetmar/pulumi-webflow/provider/site_resource.go:423.2,435.16 2 1
github.com/jdetmar/pulumi-webflow/provider/site_resource.go:435.16,439.3 1 1
github.com/jdetmar/pulumi-webflow/provider/site_resource.go:442.2,443.16 2 0
github.com/jdetmar/pulumi-webflow/provider/site_resource.go:443.16,445.3 1 0
github.com/jdetmar/pulumi-webflow/provider/site_resource.go:449.2,450.16 2 0
github.com/jdetmar/pulumi-webflow/provider/site_resource.go:450.16,452.3 1 0
github.com/jdetmar/pulumi-webflow/provider/site_resource.go:455.2,461.35 7 0
github.com/jdetmar/pulumi-webflow/provider/site_resource.go:461.35,463.3 1 0
github.com/jdetmar/pulumi-webflow/provider/site_resource.go:464.2,468.24 3 0
github.com/jdetmar/pulumi-webflow/provider/site_resource.go:468.24,469.66 1 0
github.com/jdetmar/pulumi-webflow/provider/site_resource.go:469.66,473.4 1 0
github.com/jdetmar/pulumi-webflow/provider/site_resource.go:477.2,479.8 1 0
github.com/jdetmar/pulumi-webflow/provider/site_resource.go:485.118,491.16 3 0
github.com/jdetmar/pulumi-webflow/provider/site_resource.go:491.16,493.3 1 0
github.com/jdetmar/pulumi-webflow/provider/site_resource.go:496.2,496.56 1 0
github.com/jdetmar/pulumi-webflow/provider/site_resource.go:496.56,498.3 1 0
github.com/jdetmar/pulumi-webflow/provider/site_resource.go:502.2,502.36 1 0
github.com/jdetmar/pulumi-webflow/provider/webhook.go:73.48,74.21 1 1
github.com/jdetmar/pulumi-webflow/provider/webhook.go:74.21,79.3 1 1
github.com/jdetmar/pulumi-webflow/provider/webhook.go:80.2,80.46 1 1
github.com/jdetmar/pulumi-webflow/provider/webhook.go:80.46,85.3 1 1
github.com/jdetmar/pulumi-webflow/provider/webhook.go:86.2,86.12 1 1
github.com/jdetmar/pulumi-webflow/provider/webhook.go:92.43,93.15 1 1
github.com/jdetmar/pulumi-webflow/provider/webhook.go:93.15,98.3 1 1
github.com/jdetmar/pulumi-webflow/provider/webhook.go:99.2,99.41 1 1
github.com/jdetmar/pulumi-webflow/provider/webhook.go:99.41,104.3 1 1
github.com/jdetmar/pulumi-webflow/provider/webhook.go:106.2,106.37 1 1
github.com/jdetmar/pulumi-webflow/provider/webhook.go:106.37,111.3 1 1
github.com/jdetmar/pulumi-webflow/provider/webhook.go:112.2,112.12 1 1
github.com/jdetmar/pulumi-webflow/provider/webhook.go:117.52,118.23 1 1
github.com/jdetmar/pulumi-webflow/provider/webhook.go:118.23,126.3 1 1
github.com/jdetmar/pulumi-webflow/provider/webhook.go:127.2,127.37 1 1
github.com/jdetmar/pulumi-webflow/provider/webhook.go:127.37,135.3 1 1
github.com/jdetmar/pulumi-webflow/provider/webhook.go:136.2,136.12 1 1
github.com/jdetmar/pulumi-webflow/provider/webhook.go:141.65,143.2 1 1
github.com/jdetmar/pulumi-webflow/provider/webhook.go:147.95,148.22 1 1
github.com/jdetmar/pulumi-webflow/provider/webhook.go:148.22,150.3 1 1
github.com/jdetmar/pulumi-webflow/provider/webhook.go:152.2,153.46 2 1
github.com/jdetmar/pulumi-webflow/provider/webhook.go:153.46,155.3 1 1
github.com/jdetmar/pulumi-webflow/provider/webhook.go:157.2,160.31 3 1
github.com/jdetmar/pulumi-webflow/provider/webhook.go:169.106,170.34 1 1
github.com/jdetmar/pulumi-webflow/provider/webhook.go:170.34,172.3 1 0
github.com/jdetmar/pulumi-webflow/provider/webhook.go:174.2,175.30 2 1
github.com/jdetmar/pulumi-webflow/provider/webhook.go:175.30,177.3 1 1
github.com/jdetmar/pulumi-webflow/provider/webhook.go:179.2,182.53 3 1
github.com/jdetmar/pulumi-webflow/provider/webhook.go:182.53,183.18 1 1
github.com/jdetmar/pulumi-webflow/provider/webhook.go:183.18,186.11 2 1
github.com/jdetmar/pulumi-webflow/provider/webhook.go:187.22,188.76 1 0
github.com/jdetmar/pulumi-webflow/provider/webhook.go:189.31,189.31 0 1
github.com/jdetmar/pulumi-webflow/provider/webhook.go:193.3,194.17 2 1
github.com/jdetmar/pulumi-webflow/provider/webhook.go:194.17,196.4 1 0
github.com/jdetmar/pulumi-webflow/provider/webhook.go:198.3,199.17 2 1
github.com/jdetmar/pulumi-webflow/provider/webhook.go:199.17,201.12 2 0
github.com/jdetmar/pulumi-webflow/provider/webhook.go:204.3,206.17 3 1
github.com/jdetmar/pulumi-webflow/provider/webhook.go:206.17,208.12 2 0
github.com/jdetmar/pulumi-webflow/provider/webhook.go:212.3,212.29 1 1
github.com/jdetmar/pulumi-webflow/provider/webhook.go:212.29,215.24 3 1
github.com/jdetmar/pulumi-webflow/provider/webhook.go:215.24,217.5 1 1
github.com/jdetmar/pulumi-webflow/provider/webhook.go:217.10,219.5 1 0
github.com/jdetmar/pulumi-webflow/provider/webhook.go:222.4,229.28 2 1
github.com/jdetmar/pulumi-webflow/provider/webhook.go:229.28,230.12 1 1
github.com/jdetmar/pulumi-webflow/provider/webhook.go:231.23,232.77 1 0
github.com/jdetmar/pulumi-webflow/provider/webhook.go:233.33,233.33 0 1
github.com/jdetmar/pulumi-webflow/provider/webhook.go:236.4,236.12 1 1
github.com/jdetmar/pulumi-webflow/provider/webhook.go:240.3,240.29 1 1
github.com/jdetmar/pulumi-webflow/provider/webhook.go:240.29,242.4 1 1
github.com/jdetmar/pulumi-webflow/provider/webhook.go:244.3,245.57 2 1
github.com/jdetmar/pulumi-webflow/provider/webhook.go:245.57,247.4 1 0
github.com/jdetmar/pulumi-webflow/provider/webhook.go:249.3,249.24 1 1
github.com/jdetmar/pulumi-webflow/provider/webhook.go:252.2,252.61 1 0
github.com/jdetmar/pulumi-webflow/provider/webhook.go:261.103,262.34 1 1
github.com/jdetmar/pulumi-webflow/provider/webhook.go:262.34,264.3 1 0
github.com/jdetmar/pulumi-webflow/provider/webhook.go:266.2,267.29 2 1
github.com/jdetmar/pulumi-webflow/provider/webhook.go:267.29,269.3 1 1
github.com/jdetmar/pulumi-webflow/provider/webhook.go:271.2,274.53 3 1
github.com/jdetmar/pulumi-webflow/provider/webhook.go:274.53,275.18 1 1
github.com/jdetmar/pulumi-webflow/provider/webhook.go:275.18,277.11 2 0
github.com/jdetmar/pulumi-webflow/provider/webhook.go:278.22,279.76 1 0
github.com/jdetmar/pulumi-webflow/provider/webhook.go:280.31,280.31 0 0
github.com/jdetmar/pulumi-webflow/provider/webhook.go:284.3,285.17 2 1
github.com/jdetmar/pulumi-webflow/provider/webhook.go:285.17,287.4 1 0
github.com/jdetmar/pulumi-webflow/provider/webhook.go:289.3,290.17 2 1
github.com/jdetmar/pulumi-webflow/provider/webhook.go:290.17,292.12 2 0
github.com/jdetmar/pulumi-webflow/provider/webhook.go:295.3,297.17 3 1
github.com/jdetmar/pulumi-webflow/provider/webhook.go:297.17,299.12 2 0
github.com/jdetmar/pulumi-webflow/provider/webhook.go:303.3,303.29 1 1
github.com/jdetmar/pulumi-webflow/provider/webhook.go:303.29,306.24 3 0
github.com/jdetmar/pulumi-webflow/provider/webhook.go:306.24,308.5 1 0
github.com/jdetmar/pulumi-webflow/provider/webhook.go:308.10,310.5 1 0
github.com/jdetmar/pulumi-webflow/provider/webhook.go:312.4,318.28 2 0
github.com/jdetmar/pulumi-webflow/provider/webhook.go:318.28,319.12 1 0
github.com/jdetmar/pulumi-webflow/provider/webhook.go:320.23,321.77 1 0
github.com/jdetmar/pulumi-webflow/provider/webhook.go:322.33,322.33 0 0
github.com/jdetmar/pulumi-webflow/provider/webhook.go:325.4,325.12 1 0
github.com/jdetmar/pulumi-webflow/provider/webhook.go:329.3,329.29 1 1
github.com/jdetmar/pulumi-webflow/provider/webhook.go:329.29,331.4 1 0
github.com/jdetmar/pulumi-webflow/provider/webhook.go:333.3,334.56 2 1
github.com/jdetmar/pulumi-webflow/provider/webhook.go:334.56,336.4 1 0
github.com/jdetmar/pulumi-webflow/provider/webhook.go:338.3,338.23 1 1
github.com/jdetmar/pulumi-webflow/provider/webhook.go:341.2,341.61 1 0
github.com/jdetmar/pulumi-webflow/provider/webhook.go:353.29,354.34 1 1
github.com/jdetmar/pulumi-webflow/provider/webhook.go:354.34,356.3 1 0
github.com/jdetmar/pulumi-webflow/provider/webhook.go:358.2,359.30 2 1
github.com/jdetmar/pulumi-webflow/provider/webhook.go:359.30,361.3 1 1
github.com/jdetmar/pulumi-webflow/provider/webhook.go:363.2,372.16 4 1
github.com/jdetmar/pulumi-webflow/provider/webhook.go:372.16,374.3 1 0
github.com/jdetmar/pulumi-webflow/provider/webhook.go:376.2,377.53 2 1
github.com/jdetmar/pulumi-webflow/provider/webhook.go:377.53,378.18 1 1
github.com/jdetmar/pulumi-webflow/provider/webhook.go:378.18,380.11 2 1
github.com/jdetmar/pulumi-webflow/provider/webhook.go:381.22,382.76 1 0
github.com/jdetmar/pulumi-webflow/provider/webhook.go:383.31,383.31 0 1
github.com/jdetmar/pulumi-webflow/provider/webhook.go:387.3,388.17 2 1
github.com/jdetmar/pulumi-webflow/provider/webhook.go:388.17,390.4 1 0
github.com/jdetmar/pulumi-webflow/provider/webhook.go:391.3,394.17 3 1
github.com/jdetmar/pulumi-webflow/provider/webhook.go:394.17,396.12 2 0
github.com/jdetmar/pulumi-webflow/provider/webhook.go:399.3,401.17 3 1
github.com/jdetmar/pulumi-webflow/provider/webhook.go:401.17,403.12 2 0
github.com/jdetmar/pulumi-webflow/provider/webhook.go:407.3,407.29 1 1
github.com/jdetmar/pulumi-webflow/provider/webhook.go:407.29,410.24 3 1
github.com/jdetmar/pulumi-webflow/provider/webhook.go:410.24,412.5 1 1
github.com/jdetmar/pulumi-webflow/provider/webhook.go:412.10,414.5 1 0
github.com/jdetmar/pulumi-webflow/provider/webhook.go:416.4,422.28 2 1
github.com/jdetmar/pulumi-webflow/provider/webhook.go:422.28,423.12 1 1
github.com/jdetmar/pulumi-webflow/provider/webhook.go:424.23,425.77 1 0
github.com/jdetmar/pulumi-webflow/provider/webhook.go:426.33,426.33 0 1
github.com/jdetmar/pulumi-webflow/provider/webhook.go:429.4,429.12 1 1
github.com/jdetmar/pulumi-webflow/provider/webhook.go:433.3,433.55 1 1
github.com/jdetmar/pulumi-webflow/provider/webhook.go:433.55,435.4 1 1
github.com/jdetmar/pulumi-webflow/provider/webhook.go:437.3,438.56 2 1
github.com/jdetmar/pulumi-webflow/provider/webhook.go:438.56,440.4 1 0
github.com/jdetmar/pulumi-webflow/provider/webhook.go:442.3,442.23 1 1
github.com/jdetmar/pulumi-webflow/provider/webhook.go:445.2,445.61 1 0
github.com/jdetmar/pulumi-webflow/provider/webhook.go:454.86,455.34 1 1
github.com/jdetmar/pulumi-webflow/provider/webhook.go:455.34,457.3 1 0
github.com/jdetmar/pulumi-webflow/provider/webhook.go:459.2,460.32 2 1
github.com/jdetmar/pulumi-webflow/provider/webhook.go:460.32,462.3 1 1
github.com/jdetmar/pulumi-webflow/provider/webhook.go:464.2,467.53 3 1
github.com/jdetmar/pulumi-webflow/provider/webhook.go:467.53,468.18 1 1
github.com/jdetmar/pulumi-webflow/provider/webhook.go:468.18,470.11 2 1
github.com/jdetmar/pulumi-webflow/provider/webhook.go:471.22,472.71 1 0
github.com/jdetmar/pulumi-webflow/provider/webhook.go:473.31,473.31 0 1
github.com/jdetmar/pulumi-webflow/provider/webhook.go:477.3,478.17 2 1
github.com/jdetmar/pulumi-webflow/provider/webhook.go:478.17,480.4 1 0
github.com/jdetmar/pulumi-webflow/provider/webhook.go:482.3,483.17 2 1
github.com/jdetmar/pulumi-webflow/provider/webhook.go:483.17,485.12 2 0
github.com/jdetmar/pulumi-webflow/provider/webhook.go:488.3,490.17 3 1
github.com/jdetmar/pulumi-webflow/provider/webhook.go:490.17,492.12 2 0
github.com/jdetmar/pulumi-webflow/provider/webhook.go:496.3,496.29 1 1
github.com/jdetmar/pulumi-webflow/provider/webhook.go:496.29,499.24 3 1
github.com/jdetmar/pulumi-webflow/provider/webhook.go:499.24,501.5 1 1
github.com/jdetmar/pulumi-webflow/provider/webhook.go:501.10,503.5 1 0
github.com/jdetmar/pulumi-webflow/provider/webhook.go:505.4,511.28 2 1
github.com/jdetmar/pulumi-webflow/provider/webhook.go:511.28,512.12 1 1
github.com/jdetmar/pulumi-webflow/provider/webhook.go:513.23,514.72 1 0
github.com/jdetmar/pulumi-webflow/provider/webhook.go:515.33,515.33 0 1
github.com/jdetmar/pulumi-webflow/provider/webhook.go:518.4,518.12 1 1
github.com/jdetmar/pulumi-webflow/provider/webhook.go:523.3,523.55 1 1
github.com/jdetmar/pulumi-webflow/provider/webhook.go:523.55,525.4 1 1
github.com/jdetmar/pulumi-webflow/provider/webhook.go:528.3,528.51 1 1
github.com/jdetmar/pulumi-webflow/provider/webhook.go:531.2,531.56 1 0
github.com/jdetmar/pulumi-webflow/provider/webhook_resource.go:55.47,61.2 2 1
github.com/jdetmar/pulumi-webflow/provider/webhook_resource.go:64.54,90.2 4 0
github.com/jdetmar/pulumi-webflow/provider/webhook_resource.go:93.56,102.2 2 0
github.com/jdetmar/pulumi-webflow/provider/webhook_resource.go:108.31,113.43 3 0
github.com/jdetmar/pulumi-webflow/provider/webhook_resource.go:113.43,115.3 1 0
github.com/jdetmar/pulumi-webflow/provider/webhook_resource.go:118.2,118.53 1 0
github.com/jdetmar/pulumi-webflow/provider/webhook_resource.go:118.53,120.3 1 0
github.com/jdetmar/pulumi-webflow/provider/webhook_resource.go:123.2,123.37 1 0
github.com/jdetmar/pulumi-webflow/provider/webhook_resource.go:123.37,125.3 1 0
github.com/jdetmar/pulumi-webflow/provider/webhook_resource.go:129.2,129.53 1 0
github.com/jdetmar/pulumi-webflow/provider/webhook_resource.go:129.53,131.3 1 0
github.com/jdetmar/pulumi-webflow/provider/webhook_resource.go:134.2,134.27 1 0
github.com/jdetmar/pulumi-webflow/provider/webhook_resource.go:134.27,138.3 3 0
github.com/jdetmar/pulumi-webflow/provider/webhook_resource.go:140.2,140.18 1 0
github.com/jdetmar/pulumi-webflow/provider/webhook_resource.go:145.50,147.2 1 1
github.com/jdetmar/pulumi-webflow/provider/webhook_resource.go:152.47,154.58 1 0
github.com/jdetmar/pulumi-webflow/provider/webhook_resource.go:154.58,156.3 1 0
github.com/jdetmar/pulumi-webflow/provider/webhook_resource.go:157.2,157.68 1 0
github.com/jdetmar/pulumi-webflow/provider/webhook_resource.go:157.68,159.3 1 0
github.com/jdetmar/pulumi-webflow/provider/webhook_resource.go:160.2,160.59 1 0
github.com/jdetmar/pulumi-webflow/provider/webhook_resource.go:160.59,162.3 1 0
github.com/jdetmar/pulumi-webflow/provider/webhook_resource.go:164.2,171.16 2 0
github.com/jdetmar/pulumi-webflow/provider/webhook_resource.go:171.16,180.3 3 0
github.com/jdetmar/pulumi-webflow/provider/webhook_resource.go:183.2,184.16 2 0
github.com/jdetmar/pulumi-webflow/provider/webhook_resource.go:184.16,186.3 1 0
github.com/jdetmar/pulumi-webflow/provider/webhook_resource.go:189.2,193.16 2 0
github.com/jdetmar/pulumi-webflow/provider/webhook_resource.go:193.16,195.3 1 0
github.com/jdetmar/pulumi-webflow/provider/webhook_resource.go:198.2,198.23 1 0
github.com/jdetmar/pulumi-webflow/provider/webhook_resource.go:198.23,202.3 1 0
github.com/jdetmar/pulumi-webflow/provider/webhook_resource.go:205.2,213.8 4 0
github.com/jdetmar/pulumi-webflow/provider/webhook_resource.go:220.58,223.16 2 0
github.com/jdetmar/pulumi-webflow/provider/webhook_resource.go:223.16,225.3 1 0
github.com/jdetmar/pulumi-webflow/provider/webhook_resource.go:228.2,229.16 2 0
github.com/jdetmar/pulumi-webflow/provider/webhook_resource.go:229.16,231.3 1 0
github.com/jdetmar/pulumi-webflow/provider/webhook_resource.go:234.2,235.16 2 0
github.com/jdetmar/pulumi-webflow/provider/webhook_resource.go:235.16,237.49 1 0
github.com/jdetmar/pulumi-webflow/provider/webhook_resource.go:237.49,241.4 1 0
github.com/jdetmar/pulumi-webflow/provider/webhook_resource.go:242.3,242.105 1 0
github.com/jdetmar/pulumi-webflow/provider/webhook_resource.go:246.2,247.44 2 0
github.com/jdetmar/pulumi-webflow/provider/webhook_resource.go:247.44,248.30 1 0
github.com/jdetmar/pulumi-webflow/provider/webhook_resource.go:248.30,250.9 2 0
github.com/jdetmar/pulumi-webflow/provider/webhook_resource.go:255.2,255.25 1 0
github.com/jdetmar/pulumi-webflow/provider/webhook_resource.go:255.25,259.3 1 0
github.com/jdetmar/pulumi-webflow/provider/webhook_resource.go:262.2,278.8 3 0
github.com/jdetmar/pulumi-webflow/provider/webhook_resource.go:286.47,294.2 1 0
github.com/jdetmar/pulumi-webflow/provider/webhook_resource.go:297.116,300.16 2 0
github.com/jdetmar/pulumi-webflow/provider/webhook_resource.go:300.16,302.3 1 0
github.com/jdetmar/pulumi-webflow/provider/webhook_resource.go:305.2,305.53 1 0
github.com/jdetmar/pulumi-webflow/provider/webhook_resource.go:305.53,307.3 1 0
github.com/jdetmar/pulumi-webflow/provider/webhook_resource.go:310.2,311.16 2 0
github.com/jdetmar/pulumi-webflow/provider/webhook_resource.go:311.16,313.3 1 0
github.com/jdetmar/pulumi-webflow/provider/webhook_resource.go:316.2,316.62 1 0
github.com/jdetmar/pulumi-webflow/provider/webhook_resource.go:316.62,318.3 1 0
github.com/jdetmar/pulumi-webflow/provider/webhook_resource.go:320.2,320.36 1 0
