mode: set
github.com/jdetmar/pulumi-webflow/provider/cmd/pulumi-resource-webflow/main.go:27.13,29.16 2 0
github.com/jdetmar/pulumi-webflow/provider/cmd/pulumi-resource-webflow/main.go:29.16,32.3 2 0
github.com/jdetmar/pulumi-webflow/provider/auth.go:31.27,33.2 1 1
github.com/jdetmar/pulumi-webflow/provider/auth.go:37.40,38.17 1 1
github.com/jdetmar/pulumi-webflow/provider/auth.go:38.17,40.3 1 1
github.com/jdetmar/pulumi-webflow/provider/auth.go:43.2,43.21 1 1
github.com/jdetmar/pulumi-webflow/provider/auth.go:43.21,45.3 1 1
github.com/jdetmar/pulumi-webflow/provider/auth.go:47.2,47.12 1 1
github.com/jdetmar/pulumi-webflow/provider/auth.go:52.39,53.17 1 1
github.com/jdetmar/pulumi-webflow/provider/auth.go:53.17,55.3 1 1
github.com/jdetmar/pulumi-webflow/provider/auth.go:56.2,56.21 1 1
github.com/jdetmar/pulumi-webflow/provider/auth.go:67.87,83.2 6 1
github.com/jdetmar/pulumi-webflow/provider/auth.go:91.68,92.17 1 1
github.com/jdetmar/pulumi-webflow/provider/auth.go:92.17,94.3 1 1
github.com/jdetmar/pulumi-webflow/provider/auth.go:97.2,119.20 5 1
github.com/jdetmar/pulumi-webflow/provider/config.go:33.46,36.2 1 0
github.com/jdetmar/pulumi-webflow/provider/config.go:40.55,44.2 1 0
github.com/jdetmar/pulumi-webflow/provider/config.go:47.79,53.44 3 0
github.com/jdetmar/pulumi-webflow/provider/config.go:53.44,55.3 1 0
github.com/jdetmar/pulumi-webflow/provider/config.go:55.8,58.3 1 0
github.com/jdetmar/pulumi-webflow/provider/config.go:60.2,60.17 1 0
github.com/jdetmar/pulumi-webflow/provider/config.go:60.17,62.3 1 0
github.com/jdetmar/pulumi-webflow/provider/config.go:65.2,65.45 1 0
github.com/jdetmar/pulumi-webflow/provider/config.go:65.45,67.3 1 0
github.com/jdetmar/pulumi-webflow/provider/config.go:70.2,70.41 1 0
github.com/jdetmar/pulumi-webflow/provider/provider.go:33.28,35.19 1 1
github.com/jdetmar/pulumi-webflow/provider/provider.go:35.19,37.3 1 0
github.com/jdetmar/pulumi-webflow/provider/provider.go:39.2,54.16 2 1
github.com/jdetmar/pulumi-webflow/provider/provider.go:54.16,55.57 1 0
github.com/jdetmar/pulumi-webflow/provider/provider.go:57.2,57.13 1 1
github.com/jdetmar/pulumi-webflow/provider/redirect.go:58.44,59.16 1 1
github.com/jdetmar/pulumi-webflow/provider/redirect.go:59.16,63.3 1 1
github.com/jdetmar/pulumi-webflow/provider/redirect.go:64.2,64.35 1 1
github.com/jdetmar/pulumi-webflow/provider/redirect.go:64.35,68.3 1 1
github.com/jdetmar/pulumi-webflow/provider/redirect.go:69.2,69.36 1 1
github.com/jdetmar/pulumi-webflow/provider/redirect.go:69.36,74.3 1 1
github.com/jdetmar/pulumi-webflow/provider/redirect.go:75.2,75.12 1 1
github.com/jdetmar/pulumi-webflow/provider/redirect.go:80.49,81.16 1 1
github.com/jdetmar/pulumi-webflow/provider/redirect.go:81.16,85.3 1 1
github.com/jdetmar/pulumi-webflow/provider/redirect.go:86.2,86.35 1 1
github.com/jdetmar/pulumi-webflow/provider/redirect.go:86.35,90.3 1 1
github.com/jdetmar/pulumi-webflow/provider/redirect.go:91.2,91.36 1 1
github.com/jdetmar/pulumi-webflow/provider/redirect.go:91.36,96.3 1 1
github.com/jdetmar/pulumi-webflow/provider/redirect.go:97.2,97.12 1 1
github.com/jdetmar/pulumi-webflow/provider/redirect.go:103.47,104.44 1 1
github.com/jdetmar/pulumi-webflow/provider/redirect.go:104.44,109.3 1 1
github.com/jdetmar/pulumi-webflow/provider/redirect.go:110.2,110.12 1 1
github.com/jdetmar/pulumi-webflow/provider/redirect.go:115.67,117.2 1 1
github.com/jdetmar/pulumi-webflow/provider/redirect.go:121.97,122.22 1 1
github.com/jdetmar/pulumi-webflow/provider/redirect.go:122.22,124.3 1 1
github.com/jdetmar/pulumi-webflow/provider/redirect.go:126.2,127.47 2 1
github.com/jdetmar/pulumi-webflow/provider/redirect.go:127.47,129.3 1 1
github.com/jdetmar/pulumi-webflow/provider/redirect.go:131.2,134.32 3 1
github.com/jdetmar/pulumi-webflow/provider/redirect.go:143.103,144.34 1 1
github.com/jdetmar/pulumi-webflow/provider/redirect.go:144.34,146.3 1 0
github.com/jdetmar/pulumi-webflow/provider/redirect.go:148.2,149.31 2 1
github.com/jdetmar/pulumi-webflow/provider/redirect.go:149.31,151.3 1 1
github.com/jdetmar/pulumi-webflow/provider/redirect.go:153.2,156.53 3 1
github.com/jdetmar/pulumi-webflow/provider/redirect.go:156.53,157.18 1 1
github.com/jdetmar/pulumi-webflow/provider/redirect.go:157.18,160.11 2 0
github.com/jdetmar/pulumi-webflow/provider/redirect.go:161.22,162.76 1 0
github.com/jdetmar/pulumi-webflow/provider/redirect.go:163.31,163.31 0 0
github.com/jdetmar/pulumi-webflow/provider/redirect.go:167.3,168.17 2 1
github.com/jdetmar/pulumi-webflow/provider/redirect.go:168.17,170.4 1 0
github.com/jdetmar/pulumi-webflow/provider/redirect.go:172.3,173.17 2 1
github.com/jdetmar/pulumi-webflow/provider/redirect.go:173.17,175.12 2 0
github.com/jdetmar/pulumi-webflow/provider/redirect.go:178.3,180.17 3 1
github.com/jdetmar/pulumi-webflow/provider/redirect.go:180.17,182.12 2 0
github.com/jdetmar/pulumi-webflow/provider/redirect.go:186.3,186.29 1 1
github.com/jdetmar/pulumi-webflow/provider/redirect.go:186.29,189.24 3 0
github.com/jdetmar/pulumi-webflow/provider/redirect.go:189.24,191.5 1 0
github.com/jdetmar/pulumi-webflow/provider/redirect.go:191.10,193.5 1 0
github.com/jdetmar/pulumi-webflow/provider/redirect.go:196.4,203.28 2 0
github.com/jdetmar/pulumi-webflow/provider/redirect.go:203.28,204.12 1 0
github.com/jdetmar/pulumi-webflow/provider/redirect.go:205.23,206.77 1 0
github.com/jdetmar/pulumi-webflow/provider/redirect.go:207.33,207.33 0 0
github.com/jdetmar/pulumi-webflow/provider/redirect.go:210.4,210.12 1 0
github.com/jdetmar/pulumi-webflow/provider/redirect.go:214.3,214.29 1 1
github.com/jdetmar/pulumi-webflow/provider/redirect.go:214.29,216.4 1 1
github.com/jdetmar/pulumi-webflow/provider/redirect.go:218.3,219.57 2 1
github.com/jdetmar/pulumi-webflow/provider/redirect.go:219.57,221.4 1 0
github.com/jdetmar/pulumi-webflow/provider/redirect.go:223.3,223.24 1 1
github.com/jdetmar/pulumi-webflow/provider/redirect.go:226.2,226.61 1 0
github.com/jdetmar/pulumi-webflow/provider/redirect.go:238.26,239.34 1 1
github.com/jdetmar/pulumi-webflow/provider/redirect.go:239.34,241.3 1 0
github.com/jdetmar/pulumi-webflow/provider/redirect.go:243.2,244.31 2 1
github.com/jdetmar/pulumi-webflow/provider/redirect.go:244.31,246.3 1 1
github.com/jdetmar/pulumi-webflow/provider/redirect.go:248.2,257.16 4 1
github.com/jdetmar/pulumi-webflow/provider/redirect.go:257.16,259.3 1 0
github.com/jdetmar/pulumi-webflow/provider/redirect.go:261.2,262.53 2 1
github.com/jdetmar/pulumi-webflow/provider/redirect.go:262.53,263.18 1 1
github.com/jdetmar/pulumi-webflow/provider/redirect.go:263.18,266.11 2 0
github.com/jdetmar/pulumi-webflow/provider/redirect.go:267.22,268.76 1 0
github.com/jdetmar/pulumi-webflow/provider/redirect.go:269.31,269.31 0 0
github.com/jdetmar/pulumi-webflow/provider/redirect.go:273.3,274.17 2 1
github.com/jdetmar/pulumi-webflow/provider/redirect.go:274.17,276.4 1 0
github.com/jdetmar/pulumi-webflow/provider/redirect.go:277.3,280.17 3 1
github.com/jdetmar/pulumi-webflow/provider/redirect.go:280.17,282.12 2 0
github.com/jdetmar/pulumi-webflow/provider/redirect.go:285.3,287.17 3 1
github.com/jdetmar/pulumi-webflow/provider/redirect.go:287.17,289.12 2 0
github.com/jdetmar/pulumi-webflow/provider/redirect.go:293.3,293.29 1 1
github.com/jdetmar/pulumi-webflow/provider/redirect.go:293.29,296.24 3 0
github.com/jdetmar/pulumi-webflow/provider/redirect.go:296.24,298.5 1 0
github.com/jdetmar/pulumi-webflow/provider/redirect.go:298.10,300.5 1 0
github.com/jdetmar/pulumi-webflow/provider/redirect.go:303.4,310.28 2 0
github.com/jdetmar/pulumi-webflow/provider/redirect.go:310.28,311.12 1 0
github.com/jdetmar/pulumi-webflow/provider/redirect.go:312.23,313.77 1 0
github.com/jdetmar/pulumi-webflow/provider/redirect.go:314.33,314.33 0 0
github.com/jdetmar/pulumi-webflow/provider/redirect.go:317.4,317.12 1 0
github.com/jdetmar/pulumi-webflow/provider/redirect.go:321.3,321.55 1 1
github.com/jdetmar/pulumi-webflow/provider/redirect.go:321.55,323.4 1 1
github.com/jdetmar/pulumi-webflow/provider/redirect.go:325.3,326.57 2 1
github.com/jdetmar/pulumi-webflow/provider/redirect.go:326.57,328.4 1 0
github.com/jdetmar/pulumi-webflow/provider/redirect.go:330.3,330.24 1 1
github.com/jdetmar/pulumi-webflow/provider/redirect.go:333.2,333.61 1 0
github.com/jdetmar/pulumi-webflow/provider/redirect.go:345.26,346.34 1 1
github.com/jdetmar/pulumi-webflow/provider/redirect.go:346.34,348.3 1 0
github.com/jdetmar/pulumi-webflow/provider/redirect.go:350.2,351.32 2 1
github.com/jdetmar/pulumi-webflow/provider/redirect.go:351.32,353.3 1 1
github.com/jdetmar/pulumi-webflow/provider/redirect.go:355.2,365.16 4 1
github.com/jdetmar/pulumi-webflow/provider/redirect.go:365.16,367.3 1 0
github.com/jdetmar/pulumi-webflow/provider/redirect.go:369.2,370.53 2 1
github.com/jdetmar/pulumi-webflow/provider/redirect.go:370.53,371.18 1 1
github.com/jdetmar/pulumi-webflow/provider/redirect.go:371.18,374.11 2 0
github.com/jdetmar/pulumi-webflow/provider/redirect.go:375.22,376.76 1 0
github.com/jdetmar/pulumi-webflow/provider/redirect.go:377.31,377.31 0 0
github.com/jdetmar/pulumi-webflow/provider/redirect.go:381.3,382.17 2 1
github.com/jdetmar/pulumi-webflow/provider/redirect.go:382.17,384.4 1 0
github.com/jdetmar/pulumi-webflow/provider/redirect.go:385.3,388.17 3 1
github.com/jdetmar/pulumi-webflow/provider/redirect.go:388.17,390.12 2 0
github.com/jdetmar/pulumi-webflow/provider/redirect.go:393.3,395.17 3 1
github.com/jdetmar/pulumi-webflow/provider/redirect.go:395.17,397.12 2 0
github.com/jdetmar/pulumi-webflow/provider/redirect.go:401.3,401.29 1 1
github.com/jdetmar/pulumi-webflow/provider/redirect.go:401.29,404.24 3 0
github.com/jdetmar/pulumi-webflow/provider/redirect.go:404.24,406.5 1 0
github.com/jdetmar/pulumi-webflow/provider/redirect.go:406.10,408.5 1 0
github.com/jdetmar/pulumi-webflow/provider/redirect.go:411.4,418.28 2 0
github.com/jdetmar/pulumi-webflow/provider/redirect.go:418.28,419.12 1 0
github.com/jdetmar/pulumi-webflow/provider/redirect.go:420.23,421.77 1 0
github.com/jdetmar/pulumi-webflow/provider/redirect.go:422.33,422.33 0 0
github.com/jdetmar/pulumi-webflow/provider/redirect.go:425.4,425.12 1 0
github.com/jdetmar/pulumi-webflow/provider/redirect.go:429.3,429.29 1 1
github.com/jdetmar/pulumi-webflow/provider/redirect.go:429.29,431.4 1 1
github.com/jdetmar/pulumi-webflow/provider/redirect.go:433.3,434.57 2 1
github.com/jdetmar/pulumi-webflow/provider/redirect.go:434.57,436.4 1 0
github.com/jdetmar/pulumi-webflow/provider/redirect.go:438.3,438.24 1 1
github.com/jdetmar/pulumi-webflow/provider/redirect.go:441.2,441.61 1 0
github.com/jdetmar/pulumi-webflow/provider/redirect.go:450.96,451.34 1 1
github.com/jdetmar/pulumi-webflow/provider/redirect.go:451.34,453.3 1 0
github.com/jdetmar/pulumi-webflow/provider/redirect.go:455.2,456.33 2 1
github.com/jdetmar/pulumi-webflow/provider/redirect.go:456.33,458.3 1 1
github.com/jdetmar/pulumi-webflow/provider/redirect.go:460.2,463.53 3 1
github.com/jdetmar/pulumi-webflow/provider/redirect.go:463.53,464.18 1 1
github.com/jdetmar/pulumi-webflow/provider/redirect.go:464.18,467.11 2 0
github.com/jdetmar/pulumi-webflow/provider/redirect.go:468.22,469.71 1 0
github.com/jdetmar/pulumi-webflow/provider/redirect.go:470.31,470.31 0 0
github.com/jdetmar/pulumi-webflow/provider/redirect.go:474.3,475.17 2 1
github.com/jdetmar/pulumi-webflow/provider/redirect.go:475.17,477.4 1 0
github.com/jdetmar/pulumi-webflow/provider/redirect.go:479.3,480.17 2 1
github.com/jdetmar/pulumi-webflow/provider/redirect.go:480.17,482.12 2 0
github.com/jdetmar/pulumi-webflow/provider/redirect.go:485.3,487.17 3 1
github.com/jdetmar/pulumi-webflow/provider/redirect.go:487.17,489.12 2 0
github.com/jdetmar/pulumi-webflow/provider/redirect.go:493.3,493.29 1 1
github.com/jdetmar/pulumi-webflow/provider/redirect.go:493.29,496.24 3 0
github.com/jdetmar/pulumi-webflow/provider/redirect.go:496.24,498.5 1 0
github.com/jdetmar/pulumi-webflow/provider/redirect.go:498.10,500.5 1 0
github.com/jdetmar/pulumi-webflow/provider/redirect.go:503.4,510.28 2 0
github.com/jdetmar/pulumi-webflow/provider/redirect.go:510.28,511.12 1 0
github.com/jdetmar/pulumi-webflow/provider/redirect.go:512.23,513.72 1 0
github.com/jdetmar/pulumi-webflow/provider/redirect.go:514.33,514.33 0 0
github.com/jdetmar/pulumi-webflow/provider/redirect.go:517.4,517.12 1 0
github.com/jdetmar/pulumi-webflow/provider/redirect.go:522.3,522.55 1 1
github.com/jdetmar/pulumi-webflow/provider/redirect.go:522.55,524.4 1 1
github.com/jdetmar/pulumi-webflow/provider/redirect.go:527.3,527.51 1 1
github.com/jdetmar/pulumi-webflow/provider/redirect.go:530.2,530.56 1 0
github.com/jdetmar/pulumi-webflow/provider/redirect_resource.go:60.48,65.2 2 1
github.com/jdetmar/pulumi-webflow/provider/redirect_resource.go:68.55,90.2 4 0
github.com/jdetmar/pulumi-webflow/provider/redirect_resource.go:93.57,97.2 1 0
github.com/jdetmar/pulumi-webflow/provider/redirect_resource.go:104.31,108.43 2 1
github.com/jdetmar/pulumi-webflow/provider/redirect_resource.go:108.43,115.3 4 1
github.com/jdetmar/pulumi-webflow/provider/redirect_resource.go:118.2,118.51 1 1
github.com/jdetmar/pulumi-webflow/provider/redirect_resource.go:118.51,125.3 4 1
github.com/jdetmar/pulumi-webflow/provider/redirect_resource.go:133.2,133.61 1 1
github.com/jdetmar/pulumi-webflow/provider/redirect_resource.go:133.61,140.3 4 1
github.com/jdetmar/pulumi-webflow/provider/redirect_resource.go:143.2,143.51 1 1
github.com/jdetmar/pulumi-webflow/provider/redirect_resource.go:143.51,150.3 4 1
github.com/jdetmar/pulumi-webflow/provider/redirect_resource.go:152.2,152.18 1 1
github.com/jdetmar/pulumi-webflow/provider/redirect_resource.go:158.48,160.58 1 1
github.com/jdetmar/pulumi-webflow/provider/redirect_resource.go:160.58,162.3 1 1
github.com/jdetmar/pulumi-webflow/provider/redirect_resource.go:163.2,163.66 1 1
github.com/jdetmar/pulumi-webflow/provider/redirect_resource.go:163.66,165.3 1 1
github.com/jdetmar/pulumi-webflow/provider/redirect_resource.go:166.2,166.76 1 1
github.com/jdetmar/pulumi-webflow/provider/redirect_resource.go:166.76,168.3 1 1
github.com/jdetmar/pulumi-webflow/provider/redirect_resource.go:169.2,169.66 1 1
github.com/jdetmar/pulumi-webflow/provider/redirect_resource.go:169.66,171.3 1 1
github.com/jdetmar/pulumi-webflow/provider/redirect_resource.go:173.2,179.16 2 1
github.com/jdetmar/pulumi-webflow/provider/redirect_resource.go:179.16,188.3 3 1
github.com/jdetmar/pulumi-webflow/provider/redirect_resource.go:191.2,192.16 2 0
github.com/jdetmar/pulumi-webflow/provider/redirect_resource.go:192.16,194.3 1 0
github.com/jdetmar/pulumi-webflow/provider/redirect_resource.go:197.2,201.16 2 0
github.com/jdetmar/pulumi-webflow/provider/redirect_resource.go:201.16,203.3 1 0
github.com/jdetmar/pulumi-webflow/provider/redirect_resource.go:206.2,206.23 1 0
github.com/jdetmar/pulumi-webflow/provider/redirect_resource.go:206.23,210.3 1 0
github.com/jdetmar/pulumi-webflow/provider/redirect_resource.go:213.2,220.8 3 0
github.com/jdetmar/pulumi-webflow/provider/redirect_resource.go:227.60,230.16 2 0
github.com/jdetmar/pulumi-webflow/provider/redirect_resource.go:230.16,232.3 1 0
github.com/jdetmar/pulumi-webflow/provider/redirect_resource.go:235.2,236.16 2 0
github.com/jdetmar/pulumi-webflow/provider/redirect_resource.go:236.16,238.3 1 0
github.com/jdetmar/pulumi-webflow/provider/redirect_resource.go:241.2,242.16 2 0
github.com/jdetmar/pulumi-webflow/provider/redirect_resource.go:242.16,244.49 1 0
github.com/jdetmar/pulumi-webflow/provider/redirect_resource.go:244.49,248.4 1 0
github.com/jdetmar/pulumi-webflow/provider/redirect_resource.go:249.3,249.108 1 0
github.com/jdetmar/pulumi-webflow/provider/redirect_resource.go:253.2,254.46 2 0
github.com/jdetmar/pulumi-webflow/provider/redirect_resource.go:254.46,255.32 1 0
github.com/jdetmar/pulumi-webflow/provider/redirect_resource.go:255.32,257.9 2 0
github.com/jdetmar/pulumi-webflow/provider/redirect_resource.go:262.2,262.26 1 0
github.com/jdetmar/pulumi-webflow/provider/redirect_resource.go:262.26,266.3 1 0
github.com/jdetmar/pulumi-webflow/provider/redirect_resource.go:269.2,284.8 3 0
github.com/jdetmar/pulumi-webflow/provider/redirect_resource.go:290.48,292.58 1 1
github.com/jdetmar/pulumi-webflow/provider/redirect_resource.go:292.58,294.3 1 1
github.com/jdetmar/pulumi-webflow/provider/redirect_resource.go:295.2,295.76 1 1
github.com/jdetmar/pulumi-webflow/provider/redirect_resource.go:295.76,297.3 1 1
github.com/jdetmar/pulumi-webflow/provider/redirect_resource.go:298.2,298.66 1 1
github.com/jdetmar/pulumi-webflow/provider/redirect_resource.go:298.66,300.3 1 1
github.com/jdetmar/pulumi-webflow/provider/redirect_resource.go:302.2,308.16 2 1
github.com/jdetmar/pulumi-webflow/provider/redirect_resource.go:308.16,312.3 1 1
github.com/jdetmar/pulumi-webflow/provider/redirect_resource.go:315.2,316.16 2 0
github.com/jdetmar/pulumi-webflow/provider/redirect_resource.go:316.16,318.3 1 0
github.com/jdetmar/pulumi-webflow/provider/redirect_resource.go:321.2,322.16 2 0
github.com/jdetmar/pulumi-webflow/provider/redirect_resource.go:322.16,324.3 1 0
github.com/jdetmar/pulumi-webflow/provider/redirect_resource.go:327.2,331.16 2 0
github.com/jdetmar/pulumi-webflow/provider/redirect_resource.go:331.16,333.3 1 0
github.com/jdetmar/pulumi-webflow/provider/redirect_resource.go:335.2,337.8 1 0
github.com/jdetmar/pulumi-webflow/provider/redirect_resource.go:341.118,344.16 2 0
github.com/jdetmar/pulumi-webflow/provider/redirect_resource.go:344.16,346.3 1 0
github.com/jdetmar/pulumi-webflow/provider/redirect_resource.go:349.2,350.16 2 0
github.com/jdetmar/pulumi-webflow/provider/redirect_resource.go:350.16,352.3 1 0
github.com/jdetmar/pulumi-webflow/provider/redirect_resource.go:355.2,355.72 1 0
github.com/jdetmar/pulumi-webflow/provider/redirect_resource.go:355.72,357.3 1 0
github.com/jdetmar/pulumi-webflow/provider/redirect_resource.go:359.2,359.36 1 0
github.com/jdetmar/pulumi-webflow/provider/robotstxt.go:58.42,59.18 1 1
github.com/jdetmar/pulumi-webflow/provider/robotstxt.go:59.18,64.3 1 1
github.com/jdetmar/pulumi-webflow/provider/robotstxt.go:65.2,65.40 1 1
github.com/jdetmar/pulumi-webflow/provider/robotstxt.go:65.40,71.3 1 1
github.com/jdetmar/pulumi-webflow/provider/robotstxt.go:72.2,72.12 1 1
github.com/jdetmar/pulumi-webflow/provider/robotstxt.go:77.56,79.2 1 1
github.com/jdetmar/pulumi-webflow/provider/robotstxt.go:83.69,84.22 1 1
github.com/jdetmar/pulumi-webflow/provider/robotstxt.go:84.22,86.3 1 1
github.com/jdetmar/pulumi-webflow/provider/robotstxt.go:88.2,89.49 2 1
github.com/jdetmar/pulumi-webflow/provider/robotstxt.go:89.49,91.3 1 1
github.com/jdetmar/pulumi-webflow/provider/robotstxt.go:93.2,93.22 1 1
github.com/jdetmar/pulumi-webflow/provider/robotstxt.go:107.84,108.19 1 1
github.com/jdetmar/pulumi-webflow/provider/robotstxt.go:108.19,110.3 1 1
github.com/jdetmar/pulumi-webflow/provider/robotstxt.go:112.2,115.29 3 1
github.com/jdetmar/pulumi-webflow/provider/robotstxt.go:115.29,117.17 2 1
github.com/jdetmar/pulumi-webflow/provider/robotstxt.go:117.17,118.12 1 1
github.com/jdetmar/pulumi-webflow/provider/robotstxt.go:122.3,122.59 1 1
github.com/jdetmar/pulumi-webflow/provider/robotstxt.go:122.59,124.12 2 1
github.com/jdetmar/pulumi-webflow/provider/robotstxt.go:128.3,128.62 1 1
github.com/jdetmar/pulumi-webflow/provider/robotstxt.go:128.62,130.26 1 1
github.com/jdetmar/pulumi-webflow/provider/robotstxt.go:130.26,132.5 1 1
github.com/jdetmar/pulumi-webflow/provider/robotstxt.go:134.4,140.12 3 1
github.com/jdetmar/pulumi-webflow/provider/robotstxt.go:144.3,144.25 1 1
github.com/jdetmar/pulumi-webflow/provider/robotstxt.go:144.25,145.58 1 1
github.com/jdetmar/pulumi-webflow/provider/robotstxt.go:145.58,147.19 2 1
github.com/jdetmar/pulumi-webflow/provider/robotstxt.go:147.19,149.6 1 1
github.com/jdetmar/pulumi-webflow/provider/robotstxt.go:150.10,150.68 1 1
github.com/jdetmar/pulumi-webflow/provider/robotstxt.go:150.68,152.19 2 1
github.com/jdetmar/pulumi-webflow/provider/robotstxt.go:152.19,154.6 1 1
github.com/jdetmar/pulumi-webflow/provider/robotstxt.go:160.2,160.24 1 1
github.com/jdetmar/pulumi-webflow/provider/robotstxt.go:160.24,162.3 1 1
github.com/jdetmar/pulumi-webflow/provider/robotstxt.go:164.2,164.23 1 1
github.com/jdetmar/pulumi-webflow/provider/robotstxt.go:169.75,170.38 1 1
github.com/jdetmar/pulumi-webflow/provider/robotstxt.go:170.38,172.3 1 1
github.com/jdetmar/pulumi-webflow/provider/robotstxt.go:174.2,176.29 2 1
github.com/jdetmar/pulumi-webflow/provider/robotstxt.go:176.29,179.37 2 1
github.com/jdetmar/pulumi-webflow/provider/robotstxt.go:179.37,181.4 1 1
github.com/jdetmar/pulumi-webflow/provider/robotstxt.go:183.3,183.43 1 1
github.com/jdetmar/pulumi-webflow/provider/robotstxt.go:183.43,185.4 1 1
github.com/jdetmar/pulumi-webflow/provider/robotstxt.go:188.2,188.19 1 1
github.com/jdetmar/pulumi-webflow/provider/robotstxt.go:188.19,189.21 1 1
github.com/jdetmar/pulumi-webflow/provider/robotstxt.go:189.21,191.4 1 1
github.com/jdetmar/pulumi-webflow/provider/robotstxt.go:192.3,192.61 1 1
github.com/jdetmar/pulumi-webflow/provider/robotstxt.go:195.2,195.25 1 1
github.com/jdetmar/pulumi-webflow/provider/robotstxt.go:207.91,208.22 1 1
github.com/jdetmar/pulumi-webflow/provider/robotstxt.go:208.22,210.3 1 0
github.com/jdetmar/pulumi-webflow/provider/robotstxt.go:213.2,213.73 1 1
github.com/jdetmar/pulumi-webflow/provider/robotstxt.go:213.73,215.3 1 1
github.com/jdetmar/pulumi-webflow/provider/robotstxt.go:218.2,218.23 1 0
github.com/jdetmar/pulumi-webflow/provider/robotstxt.go:223.42,224.9 1 1
github.com/jdetmar/pulumi-webflow/provider/robotstxt.go:225.102,229.100 1 1
github.com/jdetmar/pulumi-webflow/provider/robotstxt.go:230.108,234.86 1 1
github.com/jdetmar/pulumi-webflow/provider/robotstxt.go:235.10,239.95 1 1
github.com/jdetmar/pulumi-webflow/provider/robotstxt.go:246.104,247.34 1 1
github.com/jdetmar/pulumi-webflow/provider/robotstxt.go:247.34,249.3 1 0
github.com/jdetmar/pulumi-webflow/provider/robotstxt.go:251.2,254.53 3 1
github.com/jdetmar/pulumi-webflow/provider/robotstxt.go:254.53,255.18 1 1
github.com/jdetmar/pulumi-webflow/provider/robotstxt.go:255.18,258.11 2 1
github.com/jdetmar/pulumi-webflow/provider/robotstxt.go:259.22,260.76 1 0
github.com/jdetmar/pulumi-webflow/provider/robotstxt.go:261.31,261.31 0 1
github.com/jdetmar/pulumi-webflow/provider/robotstxt.go:265.3,266.17 2 1
github.com/jdetmar/pulumi-webflow/provider/robotstxt.go:266.17,268.4 1 0
github.com/jdetmar/pulumi-webflow/provider/robotstxt.go:270.3,271.17 2 1
github.com/jdetmar/pulumi-webflow/provider/robotstxt.go:271.17,273.12 2 1
github.com/jdetmar/pulumi-webflow/provider/robotstxt.go:276.3,278.17 3 1
github.com/jdetmar/pulumi-webflow/provider/robotstxt.go:278.17,280.12 2 0
github.com/jdetmar/pulumi-webflow/provider/robotstxt.go:284.3,284.29 1 1
github.com/jdetmar/pulumi-webflow/provider/robotstxt.go:284.29,287.24 3 1
github.com/jdetmar/pulumi-webflow/provider/robotstxt.go:287.24,289.5 1 0
github.com/jdetmar/pulumi-webflow/provider/robotstxt.go:289.10,291.5 1 1
github.com/jdetmar/pulumi-webflow/provider/robotstxt.go:294.4,301.28 2 1
github.com/jdetmar/pulumi-webflow/provider/robotstxt.go:301.28,302.12 1 1
github.com/jdetmar/pulumi-webflow/provider/robotstxt.go:303.23,304.77 1 0
github.com/jdetmar/pulumi-webflow/provider/robotstxt.go:305.33,305.33 0 1
github.com/jdetmar/pulumi-webflow/provider/robotstxt.go:308.4,308.12 1 1
github.com/jdetmar/pulumi-webflow/provider/robotstxt.go:312.3,312.29 1 1
github.com/jdetmar/pulumi-webflow/provider/robotstxt.go:312.29,314.4 1 1
github.com/jdetmar/pulumi-webflow/provider/robotstxt.go:316.3,317.57 2 1
github.com/jdetmar/pulumi-webflow/provider/robotstxt.go:317.57,319.4 1 0
github.com/jdetmar/pulumi-webflow/provider/robotstxt.go:321.3,321.24 1 1
github.com/jdetmar/pulumi-webflow/provider/robotstxt.go:324.2,324.61 1 1
github.com/jdetmar/pulumi-webflow/provider/robotstxt.go:333.31,334.34 1 1
github.com/jdetmar/pulumi-webflow/provider/robotstxt.go:334.34,336.3 1 0
github.com/jdetmar/pulumi-webflow/provider/robotstxt.go:338.2,346.16 4 1
github.com/jdetmar/pulumi-webflow/provider/robotstxt.go:346.16,348.3 1 0
github.com/jdetmar/pulumi-webflow/provider/robotstxt.go:350.2,351.53 2 1
github.com/jdetmar/pulumi-webflow/provider/robotstxt.go:351.53,352.18 1 1
github.com/jdetmar/pulumi-webflow/provider/robotstxt.go:352.18,355.11 2 1
github.com/jdetmar/pulumi-webflow/provider/robotstxt.go:356.22,357.76 1 0
github.com/jdetmar/pulumi-webflow/provider/robotstxt.go:358.31,358.31 0 1
github.com/jdetmar/pulumi-webflow/provider/robotstxt.go:362.3,363.17 2 1
github.com/jdetmar/pulumi-webflow/provider/robotstxt.go:363.17,365.4 1 0
github.com/jdetmar/pulumi-webflow/provider/robotstxt.go:366.3,369.17 3 1
github.com/jdetmar/pulumi-webflow/provider/robotstxt.go:369.17,371.12 2 0
github.com/jdetmar/pulumi-webflow/provider/robotstxt.go:374.3,376.17 3 1
github.com/jdetmar/pulumi-webflow/provider/robotstxt.go:376.17,378.12 2 0
github.com/jdetmar/pulumi-webflow/provider/robotstxt.go:382.3,382.29 1 1
github.com/jdetmar/pulumi-webflow/provider/robotstxt.go:382.29,385.24 3 1
github.com/jdetmar/pulumi-webflow/provider/robotstxt.go:385.24,387.5 1 0
github.com/jdetmar/pulumi-webflow/provider/robotstxt.go:387.10,389.5 1 1
github.com/jdetmar/pulumi-webflow/provider/robotstxt.go:392.4,399.28 2 1
github.com/jdetmar/pulumi-webflow/provider/robotstxt.go:399.28,400.12 1 1
github.com/jdetmar/pulumi-webflow/provider/robotstxt.go:401.23,402.77 1 0
github.com/jdetmar/pulumi-webflow/provider/robotstxt.go:403.33,403.33 0 1
github.com/jdetmar/pulumi-webflow/provider/robotstxt.go:406.4,406.12 1 1
github.com/jdetmar/pulumi-webflow/provider/robotstxt.go:410.3,410.29 1 1
github.com/jdetmar/pulumi-webflow/provider/robotstxt.go:410.29,412.4 1 0
github.com/jdetmar/pulumi-webflow/provider/robotstxt.go:414.3,415.57 2 1
github.com/jdetmar/pulumi-webflow/provider/robotstxt.go:415.57,417.4 1 0
github.com/jdetmar/pulumi-webflow/provider/robotstxt.go:419.3,419.24 1 1
github.com/jdetmar/pulumi-webflow/provider/robotstxt.go:422.2,422.61 1 0
github.com/jdetmar/pulumi-webflow/provider/robotstxt.go:428.85,429.34 1 1
github.com/jdetmar/pulumi-webflow/provider/robotstxt.go:429.34,431.3 1 0
github.com/jdetmar/pulumi-webflow/provider/robotstxt.go:433.2,436.53 3 1
github.com/jdetmar/pulumi-webflow/provider/robotstxt.go:436.53,437.18 1 1
github.com/jdetmar/pulumi-webflow/provider/robotstxt.go:437.18,440.11 2 1
github.com/jdetmar/pulumi-webflow/provider/robotstxt.go:441.22,442.71 1 0
github.com/jdetmar/pulumi-webflow/provider/robotstxt.go:443.31,443.31 0 1
github.com/jdetmar/pulumi-webflow/provider/robotstxt.go:447.3,448.17 2 1
github.com/jdetmar/pulumi-webflow/provider/robotstxt.go:448.17,450.4 1 0
github.com/jdetmar/pulumi-webflow/provider/robotstxt.go:452.3,453.17 2 1
github.com/jdetmar/pulumi-webflow/provider/robotstxt.go:453.17,455.12 2 0
github.com/jdetmar/pulumi-webflow/provider/robotstxt.go:458.3,460.17 3 1
github.com/jdetmar/pulumi-webflow/provider/robotstxt.go:460.17,462.12 2 0
github.com/jdetmar/pulumi-webflow/provider/robotstxt.go:466.3,466.29 1 1
github.com/jdetmar/pulumi-webflow/provider/robotstxt.go:466.29,469.24 3 1
github.com/jdetmar/pulumi-webflow/provider/robotstxt.go:469.24,471.5 1 0
github.com/jdetmar/pulumi-webflow/provider/robotstxt.go:471.10,473.5 1 1
github.com/jdetmar/pulumi-webflow/provider/robotstxt.go:476.4,483.28 2 1
github.com/jdetmar/pulumi-webflow/provider/robotstxt.go:483.28,484.12 1 1
github.com/jdetmar/pulumi-webflow/provider/robotstxt.go:485.23,486.72 1 0
github.com/jdetmar/pulumi-webflow/provider/robotstxt.go:487.33,487.33 0 1
github.com/jdetmar/pulumi-webflow/provider/robotstxt.go:490.4,490.12 1 1
github.com/jdetmar/pulumi-webflow/provider/robotstxt.go:495.3,495.55 1 1
github.com/jdetmar/pulumi-webflow/provider/robotstxt.go:495.55,497.4 1 1
github.com/jdetmar/pulumi-webflow/provider/robotstxt.go:500.3,500.51 1 0
github.com/jdetmar/pulumi-webflow/provider/robotstxt.go:503.2,503.56 1 0
github.com/jdetmar/pulumi-webflow/provider/robotstxt.go:508.60,509.20 1 1
github.com/jdetmar/pulumi-webflow/provider/robotstxt.go:510.11,514.102 1 1
github.com/jdetmar/pulumi-webflow/provider/robotstxt.go:515.11,520.100 1 1
github.com/jdetmar/pulumi-webflow/provider/robotstxt.go:521.11,526.93 1 1
github.com/jdetmar/pulumi-webflow/provider/robotstxt.go:527.11,531.76 1 1
github.com/jdetmar/pulumi-webflow/provider/robotstxt.go:532.11,536.120 1 1
github.com/jdetmar/pulumi-webflow/provider/robotstxt.go:537.11,542.101 1 1
github.com/jdetmar/pulumi-webflow/provider/robotstxt.go:543.10,546.118 1 1
github.com/jdetmar/pulumi-webflow/provider/robotstxt_resource.go:49.49,53.2 2 1
github.com/jdetmar/pulumi-webflow/provider/robotstxt_resource.go:56.56,62.2 2 0
github.com/jdetmar/pulumi-webflow/provider/robotstxt_resource.go:65.58,67.2 1 0
github.com/jdetmar/pulumi-webflow/provider/robotstxt_resource.go:73.31,77.43 2 1
github.com/jdetmar/pulumi-webflow/provider/robotstxt_resource.go:77.43,84.3 4 1
github.com/jdetmar/pulumi-webflow/provider/robotstxt_resource.go:87.2,87.45 1 1
github.com/jdetmar/pulumi-webflow/provider/robotstxt_resource.go:87.45,92.3 2 1
github.com/jdetmar/pulumi-webflow/provider/robotstxt_resource.go:94.2,94.18 1 1
github.com/jdetmar/pulumi-webflow/provider/robotstxt_resource.go:100.49,102.58 1 1
github.com/jdetmar/pulumi-webflow/provider/robotstxt_resource.go:102.58,105.3 1 1
github.com/jdetmar/pulumi-webflow/provider/robotstxt_resource.go:106.2,106.30 1 1
github.com/jdetmar/pulumi-webflow/provider/robotstxt_resource.go:106.30,114.3 1 1
github.com/jdetmar/pulumi-webflow/provider/robotstxt_resource.go:116.2,123.16 3 1
github.com/jdetmar/pulumi-webflow/provider/robotstxt_resource.go:123.16,128.3 1 1
github.com/jdetmar/pulumi-webflow/provider/robotstxt_resource.go:131.2,132.16 2 0
github.com/jdetmar/pulumi-webflow/provider/robotstxt_resource.go:132.16,134.3 1 0
github.com/jdetmar/pulumi-webflow/provider/robotstxt_resource.go:137.2,141.16 3 0
github.com/jdetmar/pulumi-webflow/provider/robotstxt_resource.go:141.16,143.3 1 0
github.com/jdetmar/pulumi-webflow/provider/robotstxt_resource.go:146.2,152.8 3 0
github.com/jdetmar/pulumi-webflow/provider/robotstxt_resource.go:159.62,162.16 2 0
github.com/jdetmar/pulumi-webflow/provider/robotstxt_resource.go:162.16,164.3 1 0
github.com/jdetmar/pulumi-webflow/provider/robotstxt_resource.go:167.2,168.16 2 0
github.com/jdetmar/pulumi-webflow/provider/robotstxt_resource.go:168.16,170.3 1 0
github.com/jdetmar/pulumi-webflow/provider/robotstxt_resource.go:173.2,174.16 2 0
github.com/jdetmar/pulumi-webflow/provider/robotstxt_resource.go:174.16,176.49 1 0
github.com/jdetmar/pulumi-webflow/provider/robotstxt_resource.go:176.49,180.4 1 0
github.com/jdetmar/pulumi-webflow/provider/robotstxt_resource.go:181.3,181.111 1 0
github.com/jdetmar/pulumi-webflow/provider/robotstxt_resource.go:185.2,202.8 4 0
github.com/jdetmar/pulumi-webflow/provider/robotstxt_resource.go:208.49,210.58 1 1
github.com/jdetmar/pulumi-webflow/provider/robotstxt_resource.go:210.58,213.3 1 0
github.com/jdetmar/pulumi-webflow/provider/robotstxt_resource.go:214.2,214.30 1 1
github.com/jdetmar/pulumi-webflow/provider/robotstxt_resource.go:214.30,222.3 1 0
github.com/jdetmar/pulumi-webflow/provider/robotstxt_resource.go:224.2,230.16 2 1
github.com/jdetmar/pulumi-webflow/provider/robotstxt_resource.go:230.16,234.3 1 1
github.com/jdetmar/pulumi-webflow/provider/robotstxt_resource.go:237.2,238.16 2 0
github.com/jdetmar/pulumi-webflow/provider/robotstxt_resource.go:238.16,240.3 1 0
github.com/jdetmar/pulumi-webflow/provider/robotstxt_resource.go:243.2,247.16 3 0
github.com/jdetmar/pulumi-webflow/provider/robotstxt_resource.go:247.16,249.3 1 0
github.com/jdetmar/pulumi-webflow/provider/robotstxt_resource.go:252.2,257.8 3 0
github.com/jdetmar/pulumi-webflow/provider/robotstxt_resource.go:261.120,264.16 2 0
github.com/jdetmar/pulumi-webflow/provider/robotstxt_resource.go:264.16,266.3 1 0
github.com/jdetmar/pulumi-webflow/provider/robotstxt_resource.go:269.2,270.16 2 0
github.com/jdetmar/pulumi-webflow/provider/robotstxt_resource.go:270.16,272.3 1 0
github.com/jdetmar/pulumi-webflow/provider/robotstxt_resource.go:275.2,275.61 1 0
github.com/jdetmar/pulumi-webflow/provider/robotstxt_resource.go:275.61,277.3 1 0
github.com/jdetmar/pulumi-webflow/provider/robotstxt_resource.go:279.2,279.36 1 0
github.com/jdetmar/pulumi-webflow/provider/robotstxt_resource.go:287.41,289.2 1 1
github.com/jdetmar/pulumi-webflow/provider/site.go:97.52,98.23 1 1
github.com/jdetmar/pulumi-webflow/provider/site.go:98.23,102.3 1 1
github.com/jdetmar/pulumi-webflow/provider/site.go:105.2,105.28 1 1
github.com/jdetmar/pulumi-webflow/provider/site.go:105.28,109.3 1 1
github.com/jdetmar/pulumi-webflow/provider/site.go:111.2,111.12 1 1
github.com/jdetmar/pulumi-webflow/provider/site.go:118.48,120.21 1 1
github.com/jdetmar/pulumi-webflow/provider/site.go:120.21,122.3 1 1
github.com/jdetmar/pulumi-webflow/provider/site.go:126.2,127.44 2 1
github.com/jdetmar/pulumi-webflow/provider/site.go:127.44,133.3 1 1
github.com/jdetmar/pulumi-webflow/provider/site.go:135.2,135.12 1 1
github.com/jdetmar/pulumi-webflow/provider/site.go:142.46,144.20 1 1
github.com/jdetmar/pulumi-webflow/provider/site.go:144.20,146.3 1 1
github.com/jdetmar/pulumi-webflow/provider/site.go:153.2,154.42 2 1
github.com/jdetmar/pulumi-webflow/provider/site.go:154.42,161.3 1 1
github.com/jdetmar/pulumi-webflow/provider/site.go:163.2,163.12 1 1
github.com/jdetmar/pulumi-webflow/provider/site.go:169.52,170.23 1 1
github.com/jdetmar/pulumi-webflow/provider/site.go:170.23,175.3 1 1
github.com/jdetmar/pulumi-webflow/provider/site.go:177.2,177.12 1 1
github.com/jdetmar/pulumi-webflow/provider/site.go:202.18,203.34 1 1
github.com/jdetmar/pulumi-webflow/provider/site.go:203.34,205.3 1 1
github.com/jdetmar/pulumi-webflow/provider/site.go:207.2,208.27 2 1
github.com/jdetmar/pulumi-webflow/provider/site.go:208.27,210.3 1 1
github.com/jdetmar/pulumi-webflow/provider/site.go:212.2,222.16 4 1
github.com/jdetmar/pulumi-webflow/provider/site.go:222.16,224.3 1 0
github.com/jdetmar/pulumi-webflow/provider/site.go:226.2,227.53 2 1
github.com/jdetmar/pulumi-webflow/provider/site.go:227.53,229.18 1 1
github.com/jdetmar/pulumi-webflow/provider/site.go:229.18,231.11 2 1
github.com/jdetmar/pulumi-webflow/provider/site.go:232.22,233.76 1 0
github.com/jdetmar/pulumi-webflow/provider/site.go:234.31,234.31 0 1
github.com/jdetmar/pulumi-webflow/provider/site.go:238.3,239.17 2 1
github.com/jdetmar/pulumi-webflow/provider/site.go:239.17,241.4 1 0
github.com/jdetmar/pulumi-webflow/provider/site.go:242.3,245.17 3 1
github.com/jdetmar/pulumi-webflow/provider/site.go:245.17,247.12 2 1
github.com/jdetmar/pulumi-webflow/provider/site.go:250.3,252.17 3 1
github.com/jdetmar/pulumi-webflow/provider/site.go:252.17,254.12 2 0
github.com/jdetmar/pulumi-webflow/provider/site.go:258.3,258.29 1 1
github.com/jdetmar/pulumi-webflow/provider/site.go:258.29,261.24 3 1
github.com/jdetmar/pulumi-webflow/provider/site.go:261.24,263.5 1 0
github.com/jdetmar/pulumi-webflow/provider/site.go:263.10,265.5 1 1
github.com/jdetmar/pulumi-webflow/provider/site.go:268.4,275.28 2 1
github.com/jdetmar/pulumi-webflow/provider/site.go:275.28,276.12 1 1
github.com/jdetmar/pulumi-webflow/provider/site.go:277.23,278.77 1 0
github.com/jdetmar/pulumi-webflow/provider/site.go:279.33,279.33 0 1
github.com/jdetmar/pulumi-webflow/provider/site.go:282.4,282.12 1 1
github.com/jdetmar/pulumi-webflow/provider/site.go:286.3,286.55 1 1
github.com/jdetmar/pulumi-webflow/provider/site.go:286.55,288.4 1 1
github.com/jdetmar/pulumi-webflow/provider/site.go:290.3,291.53 2 1
github.com/jdetmar/pulumi-webflow/provider/site.go:291.53,293.4 1 1
github.com/jdetmar/pulumi-webflow/provider/site.go:295.3,295.20 1 1
github.com/jdetmar/pulumi-webflow/provider/site.go:298.2,298.61 1 1
github.com/jdetmar/pulumi-webflow/provider/site.go:307.18,308.34 1 1
github.com/jdetmar/pulumi-webflow/provider/site.go:308.34,310.3 1 1
github.com/jdetmar/pulumi-webflow/provider/site.go:312.2,313.28 2 1
github.com/jdetmar/pulumi-webflow/provider/site.go:313.28,315.3 1 1
github.com/jdetmar/pulumi-webflow/provider/site.go:317.2,327.16 4 1
github.com/jdetmar/pulumi-webflow/provider/site.go:327.16,329.3 1 0
github.com/jdetmar/pulumi-webflow/provider/site.go:331.2,332.53 2 1
github.com/jdetmar/pulumi-webflow/provider/site.go:332.53,334.18 1 1
github.com/jdetmar/pulumi-webflow/provider/site.go:334.18,336.11 2 1
github.com/jdetmar/pulumi-webflow/provider/site.go:337.22,338.76 1 0
github.com/jdetmar/pulumi-webflow/provider/site.go:339.31,339.31 0 1
github.com/jdetmar/pulumi-webflow/provider/site.go:343.3,344.17 2 1
github.com/jdetmar/pulumi-webflow/provider/site.go:344.17,346.4 1 0
github.com/jdetmar/pulumi-webflow/provider/site.go:347.3,350.17 3 1
github.com/jdetmar/pulumi-webflow/provider/site.go:350.17,352.12 2 1
github.com/jdetmar/pulumi-webflow/provider/site.go:355.3,357.17 3 1
github.com/jdetmar/pulumi-webflow/provider/site.go:357.17,359.12 2 0
github.com/jdetmar/pulumi-webflow/provider/site.go:363.3,363.29 1 1
github.com/jdetmar/pulumi-webflow/provider/site.go:363.29,366.24 3 1
github.com/jdetmar/pulumi-webflow/provider/site.go:366.24,368.5 1 0
github.com/jdetmar/pulumi-webflow/provider/site.go:368.10,370.5 1 1
github.com/jdetmar/pulumi-webflow/provider/site.go:372.4,378.28 2 1
github.com/jdetmar/pulumi-webflow/provider/site.go:378.28,379.12 1 1
github.com/jdetmar/pulumi-webflow/provider/site.go:380.23,381.77 1 0
github.com/jdetmar/pulumi-webflow/provider/site.go:382.33,382.33 0 1
github.com/jdetmar/pulumi-webflow/provider/site.go:385.4,385.12 1 1
github.com/jdetmar/pulumi-webflow/provider/site.go:389.3,389.29 1 1
github.com/jdetmar/pulumi-webflow/provider/site.go:389.29,391.4 1 1
github.com/jdetmar/pulumi-webflow/provider/site.go:393.3,394.53 2 1
github.com/jdetmar/pulumi-webflow/provider/site.go:394.53,396.4 1 1
github.com/jdetmar/pulumi-webflow/provider/site.go:398.3,398.20 1 1
github.com/jdetmar/pulumi-webflow/provider/site.go:401.2,401.61 1 1
github.com/jdetmar/pulumi-webflow/provider/site.go:411.33,412.34 1 1
github.com/jdetmar/pulumi-webflow/provider/site.go:412.34,414.3 1 1
github.com/jdetmar/pulumi-webflow/provider/site.go:416.2,417.30 2 1
github.com/jdetmar/pulumi-webflow/provider/site.go:417.30,419.3 1 1
github.com/jdetmar/pulumi-webflow/provider/site.go:421.2,429.16 4 1
github.com/jdetmar/pulumi-webflow/provider/site.go:429.16,431.3 1 0
github.com/jdetmar/pulumi-webflow/provider/site.go:433.2,434.53 2 1
github.com/jdetmar/pulumi-webflow/provider/site.go:434.53,436.18 1 1
github.com/jdetmar/pulumi-webflow/provider/site.go:436.18,438.11 2 1
github.com/jdetmar/pulumi-webflow/provider/site.go:439.22,440.76 1 0
github.com/jdetmar/pulumi-webflow/provider/site.go:441.31,441.31 0 1
github.com/jdetmar/pulumi-webflow/provider/site.go:445.3,446.17 2 1
github.com/jdetmar/pulumi-webflow/provider/site.go:446.17,448.4 1 0
github.com/jdetmar/pulumi-webflow/provider/site.go:449.3,452.17 3 1
github.com/jdetmar/pulumi-webflow/provider/site.go:452.17,454.12 2 1
github.com/jdetmar/pulumi-webflow/provider/site.go:457.3,459.17 3 1
github.com/jdetmar/pulumi-webflow/provider/site.go:459.17,461.12 2 0
github.com/jdetmar/pulumi-webflow/provider/site.go:465.3,465.29 1 1
github.com/jdetmar/pulumi-webflow/provider/site.go:465.29,468.24 3 1
github.com/jdetmar/pulumi-webflow/provider/site.go:468.24,470.5 1 0
github.com/jdetmar/pulumi-webflow/provider/site.go:470.10,472.5 1 1
github.com/jdetmar/pulumi-webflow/provider/site.go:474.4,480.28 2 1
github.com/jdetmar/pulumi-webflow/provider/site.go:480.28,481.12 1 1
github.com/jdetmar/pulumi-webflow/provider/site.go:482.23,483.77 1 0
github.com/jdetmar/pulumi-webflow/provider/site.go:484.33,484.33 0 1
github.com/jdetmar/pulumi-webflow/provider/site.go:487.4,487.12 1 1
github.com/jdetmar/pulumi-webflow/provider/site.go:492.3,492.55 1 1
github.com/jdetmar/pulumi-webflow/provider/site.go:492.55,494.4 1 1
github.com/jdetmar/pulumi-webflow/provider/site.go:496.3,497.60 2 1
github.com/jdetmar/pulumi-webflow/provider/site.go:497.60,499.4 1 1
github.com/jdetmar/pulumi-webflow/provider/site.go:501.3,501.27 1 1
github.com/jdetmar/pulumi-webflow/provider/site.go:504.2,504.61 1 1
github.com/jdetmar/pulumi-webflow/provider/site.go:511.80,512.34 1 1
github.com/jdetmar/pulumi-webflow/provider/site.go:512.34,514.3 1 1
github.com/jdetmar/pulumi-webflow/provider/site.go:516.2,517.29 2 1
github.com/jdetmar/pulumi-webflow/provider/site.go:517.29,519.3 1 1
github.com/jdetmar/pulumi-webflow/provider/site.go:521.2,524.53 3 1
github.com/jdetmar/pulumi-webflow/provider/site.go:524.53,526.18 1 1
github.com/jdetmar/pulumi-webflow/provider/site.go:526.18,528.11 2 1
github.com/jdetmar/pulumi-webflow/provider/site.go:529.22,530.71 1 0
github.com/jdetmar/pulumi-webflow/provider/site.go:531.31,531.31 0 1
github.com/jdetmar/pulumi-webflow/provider/site.go:535.3,536.17 2 1
github.com/jdetmar/pulumi-webflow/provider/site.go:536.17,538.4 1 0
github.com/jdetmar/pulumi-webflow/provider/site.go:540.3,541.17 2 1
github.com/jdetmar/pulumi-webflow/provider/site.go:541.17,543.12 2 1
github.com/jdetmar/pulumi-webflow/provider/site.go:546.3,548.17 3 1
github.com/jdetmar/pulumi-webflow/provider/site.go:548.17,550.12 2 0
github.com/jdetmar/pulumi-webflow/provider/site.go:554.3,554.29 1 1
github.com/jdetmar/pulumi-webflow/provider/site.go:554.29,557.24 3 1
github.com/jdetmar/pulumi-webflow/provider/site.go:557.24,559.5 1 1
github.com/jdetmar/pulumi-webflow/provider/site.go:559.10,561.5 1 0
github.com/jdetmar/pulumi-webflow/provider/site.go:563.4,569.28 2 1
github.com/jdetmar/pulumi-webflow/provider/site.go:569.28,570.12 1 1
github.com/jdetmar/pulumi-webflow/provider/site.go:571.23,572.72 1 0
github.com/jdetmar/pulumi-webflow/provider/site.go:573.33,573.33 0 1
github.com/jdetmar/pulumi-webflow/provider/site.go:576.4,576.12 1 1
github.com/jdetmar/pulumi-webflow/provider/site.go:580.3,580.29 1 1
github.com/jdetmar/pulumi-webflow/provider/site.go:580.29,583.4 1 1
github.com/jdetmar/pulumi-webflow/provider/site.go:587.3,587.29 1 1
github.com/jdetmar/pulumi-webflow/provider/site.go:587.29,589.4 1 1
github.com/jdetmar/pulumi-webflow/provider/site.go:592.3,592.13 1 1
github.com/jdetmar/pulumi-webflow/provider/site.go:595.2,595.56 1 1
github.com/jdetmar/pulumi-webflow/provider/site.go:601.86,602.34 1 1
github.com/jdetmar/pulumi-webflow/provider/site.go:602.34,604.3 1 1
github.com/jdetmar/pulumi-webflow/provider/site.go:606.2,607.26 2 1
github.com/jdetmar/pulumi-webflow/provider/site.go:607.26,609.3 1 1
github.com/jdetmar/pulumi-webflow/provider/site.go:611.2,614.53 3 1
github.com/jdetmar/pulumi-webflow/provider/site.go:614.53,616.18 1 1
github.com/jdetmar/pulumi-webflow/provider/site.go:616.18,618.11 2 1
github.com/jdetmar/pulumi-webflow/provider/site.go:619.22,620.76 1 0
github.com/jdetmar/pulumi-webflow/provider/site.go:621.31,621.31 0 1
github.com/jdetmar/pulumi-webflow/provider/site.go:625.3,626.17 2 1
github.com/jdetmar/pulumi-webflow/provider/site.go:626.17,628.4 1 0
github.com/jdetmar/pulumi-webflow/provider/site.go:630.3,631.17 2 1
github.com/jdetmar/pulumi-webflow/provider/site.go:631.17,633.12 2 1
github.com/jdetmar/pulumi-webflow/provider/site.go:636.3,638.17 3 1
github.com/jdetmar/pulumi-webflow/provider/site.go:638.17,640.12 2 0
github.com/jdetmar/pulumi-webflow/provider/site.go:644.3,644.29 1 1
github.com/jdetmar/pulumi-webflow/provider/site.go:644.29,647.24 3 1
github.com/jdetmar/pulumi-webflow/provider/site.go:647.24,649.5 1 1
github.com/jdetmar/pulumi-webflow/provider/site.go:649.10,651.5 1 0
github.com/jdetmar/pulumi-webflow/provider/site.go:653.4,659.28 2 1
github.com/jdetmar/pulumi-webflow/provider/site.go:659.28,660.12 1 1
github.com/jdetmar/pulumi-webflow/provider/site.go:661.23,662.77 1 0
github.com/jdetmar/pulumi-webflow/provider/site.go:663.33,663.33 0 1
github.com/jdetmar/pulumi-webflow/provider/site.go:666.4,666.12 1 1
github.com/jdetmar/pulumi-webflow/provider/site.go:671.3,671.29 1 1
github.com/jdetmar/pulumi-webflow/provider/site.go:671.29,673.4 1 1
github.com/jdetmar/pulumi-webflow/provider/site.go:676.3,676.29 1 1
github.com/jdetmar/pulumi-webflow/provider/site.go:676.29,678.4 1 1
github.com/jdetmar/pulumi-webflow/provider/site.go:681.3,682.57 2 1
github.com/jdetmar/pulumi-webflow/provider/site.go:682.57,684.4 1 1
github.com/jdetmar/pulumi-webflow/provider/site.go:687.3,687.24 1 1
github.com/jdetmar/pulumi-webflow/provider/site.go:690.2,690.61 1 1
github.com/jdetmar/pulumi-webflow/provider/site.go:695.57,696.20 1 1
github.com/jdetmar/pulumi-webflow/provider/site.go:697.11,703.47 1 1
github.com/jdetmar/pulumi-webflow/provider/site.go:704.11,711.65 1 0
github.com/jdetmar/pulumi-webflow/provider/site.go:712.11,719.76 1 1
github.com/jdetmar/pulumi-webflow/provider/site.go:720.11,728.64 1 1
github.com/jdetmar/pulumi-webflow/provider/site.go:729.11,733.120 1 0
github.com/jdetmar/pulumi-webflow/provider/site.go:734.11,738.113 1 1
github.com/jdetmar/pulumi-webflow/provider/site.go:739.10,742.82 1 0
github.com/jdetmar/pulumi-webflow/provider/site_resource.go:91.52,96.2 2 1
github.com/jdetmar/pulumi-webflow/provider/site_resource.go:99.51,154.2 7 0
github.com/jdetmar/pulumi-webflow/provider/site_resource.go:157.53,182.2 6 0
github.com/jdetmar/pulumi-webflow/provider/site_resource.go:189.31,197.53 2 1
github.com/jdetmar/pulumi-webflow/provider/site_resource.go:197.53,205.3 4 1
github.com/jdetmar/pulumi-webflow/provider/site_resource.go:207.2,207.55 1 1
github.com/jdetmar/pulumi-webflow/provider/site_resource.go:207.55,215.3 4 0
github.com/jdetmar/pulumi-webflow/provider/site_resource.go:220.2,220.53 1 1
github.com/jdetmar/pulumi-webflow/provider/site_resource.go:220.53,225.3 2 1
github.com/jdetmar/pulumi-webflow/provider/site_resource.go:227.2,227.49 1 1
github.com/jdetmar/pulumi-webflow/provider/site_resource.go:227.49,232.3 2 1
github.com/jdetmar/pulumi-webflow/provider/site_resource.go:234.2,234.47 1 1
github.com/jdetmar/pulumi-webflow/provider/site_resource.go:234.47,239.3 2 1
github.com/jdetmar/pulumi-webflow/provider/site_resource.go:241.2,241.59 1 1
github.com/jdetmar/pulumi-webflow/provider/site_resource.go:241.59,246.3 2 1
github.com/jdetmar/pulumi-webflow/provider/site_resource.go:248.2,248.45 1 1
github.com/jdetmar/pulumi-webflow/provider/site_resource.go:248.45,253.3 2 1
github.com/jdetmar/pulumi-webflow/provider/site_resource.go:255.2,255.18 1 1
github.com/jdetmar/pulumi-webflow/provider/site_resource.go:261.44,263.68 1 1
github.com/jdetmar/pulumi-webflow/provider/site_resource.go:263.68,265.3 1 1
github.com/jdetmar/pulumi-webflow/provider/site_resource.go:266.2,266.68 1 1
github.com/jdetmar/pulumi-webflow/provider/site_resource.go:266.68,268.3 1 1
github.com/jdetmar/pulumi-webflow/provider/site_resource.go:269.2,269.64 1 1
github.com/jdetmar/pulumi-webflow/provider/site_resource.go:269.64,271.3 1 1
github.com/jdetmar/pulumi-webflow/provider/site_resource.go:272.2,272.62 1 1
github.com/jdetmar/pulumi-webflow/provider/site_resource.go:272.62,274.3 1 1
github.com/jdetmar/pulumi-webflow/provider/site_resource.go:277.2,283.16 2 1
github.com/jdetmar/pulumi-webflow/provider/site_resource.go:283.16,291.3 2 1
github.com/jdetmar/pulumi-webflow/provider/site_resource.go:294.2,295.16 2 0
github.com/jdetmar/pulumi-webflow/provider/site_resource.go:295.16,297.3 1 0
github.com/jdetmar/pulumi-webflow/provider/site_resource.go:300.2,305.16 2 0
github.com/jdetmar/pulumi-webflow/provider/site_resource.go:305.16,307.3 1 0
github.com/jdetmar/pulumi-webflow/provider/site_resource.go:310.2,310.23 1 0
github.com/jdetmar/pulumi-webflow/provider/site_resource.go:310.23,314.3 1 0
github.com/jdetmar/pulumi-webflow/provider/site_resource.go:317.2,322.35 4 0
github.com/jdetmar/pulumi-webflow/provider/site_resource.go:322.35,324.3 1 0
github.com/jdetmar/pulumi-webflow/provider/site_resource.go:325.2,329.24 3 0
github.com/jdetmar/pulumi-webflow/provider/site_resource.go:329.24,330.71 1 0
github.com/jdetmar/pulumi-webflow/provider/site_resource.go:330.71,334.4 1 0
github.com/jdetmar/pulumi-webflow/provider/site_resource.go:338.2,341.8 1 0
github.com/jdetmar/pulumi-webflow/provider/site_resource.go:353.52,356.16 2 0
github.com/jdetmar/pulumi-webflow/provider/site_resource.go:356.16,358.3 1 0
github.com/jdetmar/pulumi-webflow/provider/site_resource.go:361.2,365.16 3 0
github.com/jdetmar/pulumi-webflow/provider/site_resource.go:365.16,367.3 1 0
github.com/jdetmar/pulumi-webflow/provider/site_resource.go:370.2,370.21 1 0
github.com/jdetmar/pulumi-webflow/provider/site_resource.go:370.21,379.3 1 0
github.com/jdetmar/pulumi-webflow/provider/site_resource.go:383.2,409.8 3 0
github.com/jdetmar/pulumi-webflow/provider/site_resource.go:415.44,420.68 2 1
github.com/jdetmar/pulumi-webflow/provider/site_resource.go:420.68,422.3 1 1
github.com/jdetmar/pulumi-webflow/provider/site_resource.go:423.2,423.64 1 1
github.com/jdetmar/pulumi-webflow/provider/site_resource.go:423.64,425.3 1 0
github.com/jdetmar/pulumi-webflow/provider/site_resource.go:426.2,426.62 1 1
github.com/jdetmar/pulumi-webflow/provider/site_resource.go:426.62,428.3 1 0
github.com/jdetmar/pulumi-webflow/provider/site_resource.go:431.2,443.16 2 1
github.com/jdetmar/pulumi-webflow/provider/site_resource.go:443.16,447.3 1 1
github.com/jdetmar/pulumi-webflow/provider/site_resource.go:450.2,451.16 2 0
github.com/jdetmar/pulumi-webflow/provider/site_resource.go:451.16,453.3 1 0
github.com/jdetmar/pulumi-webflow/provider/site_resource.go:457.2,458.16 2 0
github.com/jdetmar/pulumi-webflow/provider/site_resource.go:458.16,460.3 1 0
github.com/jdetmar/pulumi-webflow/provider/site_resource.go:463.2,469.35 7 0
github.com/jdetmar/pulumi-webflow/provider/site_resource.go:469.35,471.3 1 0
github.com/jdetmar/pulumi-webflow/provider/site_resource.go:472.2,476.24 3 0
github.com/jdetmar/pulumi-webflow/provider/site_resource.go:476.24,477.66 1 0
github.com/jdetmar/pulumi-webflow/provider/site_resource.go:477.66,481.4 1 0
github.com/jdetmar/pulumi-webflow/provider/site_resource.go:485.2,487.8 1 0
github.com/jdetmar/pulumi-webflow/provider/site_resource.go:493.118,499.16 3 0
github.com/jdetmar/pulumi-webflow/provider/site_resource.go:499.16,501.3 1 0
github.com/jdetmar/pulumi-webflow/provider/site_resource.go:504.2,504.56 1 0
github.com/jdetmar/pulumi-webflow/provider/site_resource.go:504.56,506.3 1 0
github.com/jdetmar/pulumi-webflow/provider/site_resource.go:510.2,510.36 1 0
